\BOOKMARK [1][-]{section.1}{\376\377\000I\000n\000t\000r\000o\000d\000u\000c\000t\000i\000o\000n}{}% 1
\BOOKMARK [1][-]{section.2}{\376\377\000O\000u\000t\000l\000i\000n\000e}{}% 2
\BOOKMARK [1][-]{section.3}{\376\377\000R\000e\000l\000a\000t\000e\000d\000\040\000W\000o\000r\000k}{}% 3
\BOOKMARK [1][-]{section.4}{\376\377\000P\000r\000o\000b\000l\000e\000m\000\040\000s\000t\000a\000t\000e\000m\000e\000n\000t\000s}{}% 4
\BOOKMARK [2][-]{subsection.4.1}{\376\377\000C\000l\000a\000s\000s\000i\000c\000a\000l\000\040\000p\000r\000o\000b\000l\000e\000m\000\040\000s\000e\000t\000t\000i\000n\000g}{section.4}% 5
\BOOKMARK [3][-]{subsubsection.4.1.1}{\376\377\000U\000n\000i\000f\000o\000r\000m\000\040\000c\000o\000n\000v\000e\000r\000g\000e\000n\000c\000e}{subsection.4.1}% 6
\BOOKMARK [2][-]{subsection.4.2}{\376\377\000O\000v\000e\000r\000f\000i\000t\000t\000i\000n\000g\000\040\000a\000n\000d\000\040\000u\000n\000d\000e\000r\000f\000i\000t\000t\000i\000n\000g}{section.4}% 7
\BOOKMARK [2][-]{subsection.4.3}{\376\377\000B\000i\000a\000s\000-\000v\000a\000r\000i\000a\000n\000c\000e\000\040\000t\000r\000a\000d\000e\000o\000f\000f}{section.4}% 8
\BOOKMARK [3][-]{subsubsection.4.3.1}{\376\377\000P\000r\000e\000c\000u\000r\000s\000o\000r\000\040\000\050\000G\000e\000m\000a\000n\000\040\000e\000t\000\040\000a\000l\000.\000,\000\040\0001\0009\0009\0002\000\051}{subsection.4.3}% 9
\BOOKMARK [3][-]{subsubsection.4.3.2}{\376\377\000E\000x\000p\000a\000n\000s\000i\000o\000n\000\040\000a\000n\000d\000\040\000v\000a\000r\000i\000a\000t\000i\000o\000n\000s}{subsection.4.3}% 10
\BOOKMARK [3][-]{subsubsection.4.3.3}{\376\377\000G\000e\000n\000e\000r\000a\000l\000i\000z\000e\000d\000\040\000d\000e\000c\000o\000m\000p\000o\000s\000i\000t\000i\000o\000n}{subsection.4.3}% 11
\BOOKMARK [3][-]{subsubsection.4.3.4}{\376\377\000A\000p\000p\000r\000o\000x\000i\000m\000a\000t\000i\000o\000n\000-\000E\000s\000t\000i\000m\000a\000t\000i\000o\000n\000\040\000t\000r\000a\000d\000e\000o\000f\000f}{subsection.4.3}% 12
\BOOKMARK [2][-]{subsection.4.4}{\376\377\000D\000o\000u\000b\000l\000e\000\040\000d\000e\000s\000c\000e\000n\000t}{section.4}% 13
\BOOKMARK [1][-]{section.5}{\376\377\000N\000o\000-\000f\000r\000e\000e\000-\000l\000u\000n\000c\000h}{}% 14
\BOOKMARK [2][-]{subsection.5.1}{\376\377\000S\000e\000n\000s\000i\000t\000i\000v\000i\000t\000y\000\040\000o\000f\000\040\000h\000y\000p\000o\000t\000h\000e\000s\000i\000s}{section.5}% 15
\BOOKMARK [1][-]{section.6}{\376\377\000P\000r\000e\000v\000i\000o\000u\000s\000\040\000a\000t\000t\000e\000m\000p\000t\000s}{}% 16
\BOOKMARK [2][-]{subsection.6.1}{\376\377\000D\000i\000s\000c\000o\000v\000e\000r\000y\000\040\000o\000f\000\040\000d\000o\000u\000b\000l\000e\000\040\000d\000e\000s\000c\000e\000n\000t}{section.6}% 17
\BOOKMARK [2][-]{subsection.6.2}{\376\377\000T\000h\000e\000o\000r\000e\000t\000i\000c\000a\000l\000\040\000a\000t\000t\000a\000c\000k\000s}{section.6}% 18
\BOOKMARK [2][-]{subsection.6.3}{\376\377\000P\000r\000o\000b\000l\000e\000m\000s}{section.6}% 19
\BOOKMARK [2][-]{subsection.6.4}{\376\377\000B\000o\000u\000n\000d\000i\000n\000g\000\040\000i\000n\000e\000q\000u\000a\000l\000i\000t\000i\000e\000s}{section.6}% 20
\BOOKMARK [2][-]{subsection.6.5}{\376\377\000C\000o\000m\000p\000l\000e\000x\000i\000t\000y\000\040\000n\000o\000t\000i\000o\000n\000s}{section.6}% 21
\BOOKMARK [3][-]{subsubsection.6.5.1}{\376\377\000R\000e\000p\000r\000e\000s\000e\000n\000t\000a\000t\000i\000o\000n\000\040\000c\000o\000m\000p\000l\000e\000x\000i\000t\000y}{subsection.6.5}% 22
\BOOKMARK [3][-]{subsubsection.6.5.2}{\376\377\000O\000p\000t\000i\000m\000i\000z\000a\000t\000i\000o\000n\000\040\000c\000o\000m\000p\000l\000e\000x\000i\000t\000y}{subsection.6.5}% 23
\BOOKMARK [3][-]{subsubsection.6.5.3}{\376\377\000S\000a\000m\000p\000l\000e\000\040\000c\000o\000m\000p\000l\000e\000x\000i\000t\000y}{subsection.6.5}% 24
\BOOKMARK [3][-]{subsubsection.6.5.4}{\376\377\000S\000t\000r\000u\000c\000t\000u\000r\000a\000l\000\040\000m\000a\000s\000s}{subsection.6.5}% 25
\BOOKMARK [2][-]{subsection.6.6}{\376\377\000C\000l\000a\000s\000s\000i\000c\000a\000l\000\040\000i\000n\000s\000i\000g\000h\000t}{section.6}% 26
\BOOKMARK [3][-]{subsubsection.6.6.1}{\376\377\000P\000A\000C\000-\000l\000e\000a\000r\000n\000i\000n\000g\000\040\000s\000e\000t\000u\000p}{subsection.6.6}% 27
\BOOKMARK [1][-]{section.7}{\376\377\000A\000n\000a\000l\000y\000s\000i\000s}{}% 28
\BOOKMARK [2][-]{subsection.7.1}{\376\377\000L\000i\000n\000e\000a\000r\000\040\000f\000u\000n\000c\000t\000i\000o\000n\000\040\000c\000l\000a\000s\000s}{section.7}% 29
\BOOKMARK [2][-]{subsection.7.2}{\376\377\000L\000i\000n\000e\000a\000r\000\040\000f\000u\000n\000c\000t\000i\000o\000n\000\040\000c\000l\000a\000s\000s\000\040\000e\000x\000t\000e\000n\000s\000i\000o\000n}{section.7}% 30
\BOOKMARK [2][-]{subsection.7.3}{\376\377\000P\000o\000l\000y\000n\000o\000m\000i\000a\000l\000s}{section.7}% 31
\BOOKMARK [3][-]{subsubsection.7.3.1}{\376\377\000P\000o\000l\000y\000n\000o\000m\000i\000a\000l\000\040\000m\000o\000d\000e\000l\000\040\000s\000t\000r\000u\000c\000t\000u\000r\000e}{subsection.7.3}% 32
\BOOKMARK [3][-]{subsubsection.7.3.2}{\376\377\000T\000e\000s\000t\000i\000n\000g\000\040\000r\000e\000s\000u\000l\000t}{subsection.7.3}% 33
\BOOKMARK [1][-]{section.8}{\376\377\000A\000x\000i\000o\000m\000a\000t\000i\000c\000\040\000f\000o\000r\000m\000a\000l\000i\000z\000a\000t\000i\000o\000n}{}% 34
\BOOKMARK [2][-]{subsection.8.1}{\376\377\000N\000e\000u\000r\000a\000l\000\040\000n\000e\000t\000w\000o\000r\000k\000\040\000f\000o\000r\000m\000a\000l\000i\000s\000m}{section.8}% 35
\BOOKMARK [2][-]{subsection.8.2}{\376\377\000H\000y\000p\000o\000t\000h\000e\000s\000i\000s}{section.8}% 36
\BOOKMARK [3][-]{subsubsection.8.2.1}{\376\377\000S\000t\000a\000b\000i\000l\000i\000t\000y\000\040\000o\000f\000\040\000b\000i\000a\000s\000-\000v\000a\000r\000i\000a\000n\000c\000e\000\040\000m\000e\000a\000s\000u\000r\000e}{subsection.8.2}% 37
\BOOKMARK [3][-]{subsubsection.8.2.2}{\376\377\000A\000l\000t\000e\000r\000n\000a\000t\000i\000v\000e\000\040\000m\000e\000a\000s\000u\000r\000e\000s}{subsection.8.2}% 38
\BOOKMARK [3][-]{subsubsection.8.2.3}{\376\377\000I\000n\000d\000u\000c\000t\000i\000v\000e\000\040\000b\000i\000a\000s}{subsection.8.2}% 39
\BOOKMARK [3][-]{subsubsection.8.2.4}{\376\377\000R\000a\000n\000d\000o\000m\000n\000e\000s\000s\000\040\000a\000n\000d\000\040\000p\000r\000o\000b\000a\000b\000i\000l\000i\000s\000t\000i\000c\000\040\000s\000e\000t\000t\000i\000n\000g}{subsection.8.2}% 40
\BOOKMARK [3][-]{subsubsection.8.2.5}{\376\377\000K\000n\000o\000w\000l\000e\000d\000g\000e\000\040\000m\000a\000s\000k\000i\000n\000g}{subsection.8.2}% 41
\BOOKMARK [3][-]{subsubsection.8.2.6}{\376\377\000I\000n\000t\000r\000i\000n\000s\000i\000c\000\040\000D\000a\000t\000a\000\040\000F\000a\000c\000t\000o\000r\000s}{subsection.8.2}% 42
\BOOKMARK [3][-]{subsubsection.Alph0.0.7}{\376\377\000R\000e\000m\000a\000r\000k}{subsection.8.2}% 43
