\BOOKMARK [1][-]{section.1}{\376\377\000I\000n\000t\000r\000o\000d\000u\000c\000t\000i\000o\000n}{}% 1
\BOOKMARK [1][-]{section.2}{\376\377\000C\000o\000n\000t\000r\000i\000b\000u\000t\000i\000o\000n}{}% 2
\BOOKMARK [1][-]{section.3}{\376\377\000R\000e\000l\000a\000t\000e\000d\000\040\000w\000o\000r\000k\000s}{}% 3
\BOOKMARK [1][-]{section.4}{\376\377\000T\000h\000e\000o\000r\000e\000t\000i\000c\000a\000l\000\040\000P\000r\000e\000l\000i\000m\000i\000n\000a\000r\000y}{}% 4
\BOOKMARK [1][-]{section.5}{\376\377\000P\000r\000a\000c\000t\000i\000c\000a\000l\000\040\000P\000r\000e\000l\000i\000m\000i\000n\000a\000r\000y}{}% 5
\BOOKMARK [2][-]{subsection.5.1}{\376\377\000D\000a\000t\000a\000s\000e\000t\000s\000\040\000a\000n\000d\000\040\000i\000t\000s\000\040\000p\000o\000t\000e\000n\000t\000i\000a\000l\000\040\000e\000f\000f\000e\000c\000t\000s}{section.5}% 6
\BOOKMARK [2][-]{subsection.5.2}{\376\377\000O\000v\000e\000r\000f\000i\000t\000t\000i\000n\000g\000\040\000a\000n\000d\000\040\000u\000n\000d\000e\000r\000f\000i\000t\000t\000i\000n\000g}{section.5}% 7
\BOOKMARK [1][-]{section.6}{\376\377\000B\000i\000a\000s\000-\000v\000a\000r\000i\000a\000n\000c\000e\000\040\000t\000r\000a\000d\000e\000o\000f\000f}{}% 8
\BOOKMARK [2][-]{subsection.6.1}{\376\377\000S\000t\000a\000t\000i\000s\000t\000i\000c\000a\000l\000\040\000o\000r\000i\000g\000i\000n}{section.6}% 9
\BOOKMARK [2][-]{subsection.6.2}{\376\377\000P\000r\000e\000c\000u\000r\000s\000o\000r\000\040\000\050\000G\000e\000m\000a\000n\000\040\000e\000t\000\040\000a\000l\000.\000,\000\040\0001\0009\0009\0002\000\051}{section.6}% 10
\BOOKMARK [2][-]{subsection.6.3}{\376\377\000S\000t\000a\000t\000i\000s\000t\000i\000c\000a\000l\000\040\000l\000e\000a\000r\000n\000i\000n\000g\000\040\000t\000h\000e\000o\000r\000y\000\040\000p\000e\000r\000s\000p\000e\000c\000t\000i\000v\000e}{section.6}% 11
\BOOKMARK [2][-]{subsection.6.4}{\376\377\000G\000r\000a\000d\000i\000e\000n\000t\000\040\000d\000e\000s\000c\000e\000n\000t\000\040\000o\000n\000\040\000b\000i\000a\000s\000-\000v\000a\000r\000i\000a\000n\000c\000e\000\040\000d\000e\000c\000o\000m\000p\000o\000s\000i\000t\000i\000o\000n}{section.6}% 12
\BOOKMARK [1][-]{section.7}{\376\377\000D\000o\000u\000b\000l\000e\000\040\000d\000e\000s\000c\000e\000n\000t}{}% 13
\BOOKMARK [1][-]{section.8}{\376\377\000P\000r\000e\000-\000a\000n\000a\000l\000y\000s\000i\000s\000\040\000o\000f\000\040\000d\000o\000u\000b\000l\000e\000\040\000d\000e\000s\000c\000e\000n\000t}{}% 14
\BOOKMARK [2][-]{subsection.8.1}{\376\377\000M\000o\000d\000e\000l\000\040\000c\000o\000m\000p\000l\000e\000x\000i\000t\000y}{section.8}% 15
\BOOKMARK [2][-]{subsection.8.2}{\376\377\000M\000o\000d\000e\000l\000\040\000s\000t\000r\000u\000c\000t\000u\000r\000e}{section.8}% 16
\BOOKMARK [2][-]{subsection.8.3}{\376\377\000S\000e\000t\000t\000i\000n\000g\000\040\000c\000o\000n\000s\000i\000s\000t\000e\000n\000c\000y}{section.8}% 17
\BOOKMARK [2][-]{subsection.8.4}{\376\377\000C\000l\000a\000s\000s\000i\000c\000a\000l\000\040\000a\000n\000a\000l\000y\000t\000i\000c\000a\000l\000\040\000d\000i\000f\000f\000i\000c\000u\000l\000t\000y}{section.8}% 18
\BOOKMARK [2][-]{subsection.8.5}{\376\377\000H\000y\000p\000o\000t\000h\000e\000t\000i\000c\000a\000l\000\040\000a\000n\000a\000l\000y\000s\000i\000s}{section.8}% 19
\BOOKMARK [3][-]{subsubsection.8.5.1}{\376\377\000S\000t\000a\000b\000i\000l\000i\000t\000y\000\040\000o\000f\000\040\000b\000i\000a\000s\000-\000v\000a\000r\000i\000a\000n\000c\000e\000\040\000m\000e\000a\000s\000u\000r\000e}{subsection.8.5}% 20
\BOOKMARK [3][-]{subsubsection.8.5.2}{\376\377\000A\000l\000t\000e\000r\000n\000a\000t\000i\000v\000e\000\040\000m\000e\000a\000s\000u\000r\000e\000s}{subsection.8.5}% 21
\BOOKMARK [3][-]{subsubsection.8.5.3}{\376\377\000I\000n\000d\000u\000c\000t\000i\000v\000e\000\040\000b\000i\000a\000s}{subsection.8.5}% 22
\BOOKMARK [3][-]{subsubsection.8.5.4}{\376\377\000R\000a\000n\000d\000o\000m\000n\000e\000s\000s\000\040\000a\000n\000d\000\040\000p\000r\000o\000b\000a\000b\000i\000l\000i\000s\000t\000i\000c\000\040\000s\000e\000t\000t\000i\000n\000g}{subsection.8.5}% 23
\BOOKMARK [3][-]{subsubsection.8.5.5}{\376\377\000K\000n\000o\000w\000l\000e\000d\000g\000e\000\040\000m\000a\000s\000k\000i\000n\000g}{subsection.8.5}% 24
\BOOKMARK [1][-]{section.9}{\376\377\000P\000r\000e\000-\000e\000x\000p\000e\000r\000i\000m\000e\000n\000t\000a\000l\000\040\000a\000n\000a\000l\000y\000s\000i\000s}{}% 25
\BOOKMARK [2][-]{subsection.9.1}{\376\377\000C\000o\000m\000p\000l\000e\000x\000i\000t\000y\000\040\000m\000e\000a\000s\000u\000r\000e\000s}{section.9}% 26
\BOOKMARK [3][-]{subsubsection.9.1.1}{\376\377\000R\000e\000p\000r\000e\000s\000e\000n\000t\000a\000t\000i\000o\000n\000\040\000c\000o\000m\000p\000l\000e\000x\000i\000t\000y}{subsection.9.1}% 27
\BOOKMARK [3][-]{subsubsection.9.1.2}{\376\377\000O\000p\000t\000i\000m\000i\000z\000a\000t\000i\000o\000n\000\040\000c\000o\000m\000p\000l\000e\000x\000i\000t\000y}{subsection.9.1}% 28
\BOOKMARK [2][-]{subsection.9.2}{\376\377\000L\000e\000a\000r\000n\000i\000n\000g\000\040\000p\000r\000o\000c\000e\000s\000s}{section.9}% 29
\BOOKMARK [3][-]{subsubsection.9.2.1}{\376\377\000P\000A\000C\000-\000l\000e\000a\000r\000n\000i\000n\000g\000\040\000p\000r\000o\000c\000e\000d\000u\000r\000e}{subsection.9.2}% 30
\BOOKMARK [3][-]{subsubsection.9.2.2}{\376\377\000O\000c\000c\000a\000m\000\040\000l\000e\000a\000r\000n\000i\000n\000g}{subsection.9.2}% 31
\BOOKMARK [2][-]{subsection.9.3}{\376\377\000R\000a\000d\000e\000m\000a\000c\000h\000e\000r\000\040\000+\000\040\000V\000C\000\040\000p\000a\000i\000r}{section.9}% 32
\BOOKMARK [2][-]{subsection.9.4}{\376\377\000R\000e\000m\000a\000r\000k}{section.9}% 33
\BOOKMARK [1][-]{section.10}{\376\377\000A\000n\000a\000l\000y\000t\000i\000c\000a\000l\000\040\000e\000x\000p\000e\000r\000i\000m\000e\000n\000t\000s}{}% 34
\BOOKMARK [2][-]{subsection.10.1}{\376\377\000A\000n\000a\000l\000y\000t\000i\000c\000a\000l\000\040\000m\000o\000d\000e\000l}{section.10}% 35
\BOOKMARK [2][-]{subsection.10.2}{\376\377\000O\000b\000s\000e\000r\000v\000a\000t\000i\000o\000n\000\040\0001\000\040\000-\000\040\000U\000n\000i\000v\000a\000r\000i\000a\000t\000e\000\040\000s\000t\000a\000n\000d\000a\000r\000d\000\040\000f\000u\000n\000c\000t\000i\000o\000n\000\040\000m\000o\000d\000e\000l\000s}{section.10}% 36
\BOOKMARK [3][-]{subsubsection.10.2.1}{\376\377\000L\000i\000n\000e\000a\000r\000\040\000v\000s\000\040\000a\000l\000l}{subsection.10.2}% 37
\BOOKMARK [3][-]{subsubsection.10.2.2}{\376\377\000P\000o\000l\000y\000n\000o\000m\000i\000a\000l\000-\000v\000s\000-\000a\000l\000l}{subsection.10.2}% 38
\BOOKMARK [3][-]{subsubsection.10.2.3}{\376\377\000E\000x\000p\000o\000n\000e\000n\000t\000i\000a\000l\000\040\000c\000o\000m\000p\000o\000u\000n\000d\000\040\000m\000o\000d\000e\000l}{subsection.10.2}% 39
\BOOKMARK [3][-]{subsubsection.10.2.4}{\376\377\000F\000o\000u\000r\000i\000e\000r\000-\000b\000a\000s\000e\000d\000\040\000c\000o\000m\000p\000o\000u\000n\000d\000\040\000m\000o\000d\000e\000l}{subsection.10.2}% 40
\BOOKMARK [2][-]{subsection.10.3}{\376\377\000O\000b\000s\000e\000r\000v\000a\000t\000i\000o\000n\000\040\0002\000\040\000-\000\040\000P\000r\000e\000s\000c\000r\000i\000p\000t\000i\000o\000n\000\040\000f\000r\000o\000m\000\040\000l\000a\000f\000o\000n\000u\000n\000d\000e\000r\000s\000t\000a\000n\000d\000i\000n\000g\0002\0000\0002\0004}{section.10}% 41
\BOOKMARK [3][-]{subsubsection.10.3.1}{\376\377\000V\000e\000r\000i\000f\000i\000c\000a\000t\000i\000o\000n}{subsection.10.3}% 42
\BOOKMARK [3][-]{subsubsection.10.3.2}{\376\377\000R\000e\000m\000a\000r\000k}{subsection.10.3}% 43
\BOOKMARK [2][-]{subsection.10.4}{\376\377\000O\000b\000s\000e\000r\000v\000a\000t\000i\000o\000n\000\040\0003\000\040\000-\000\040\000P\000o\000l\000y\000n\000o\000m\000i\000a\000l\000\040\000r\000e\000g\000r\000e\000s\000s\000i\000o\000n}{section.10}% 44
\BOOKMARK [2][-]{subsection.10.5}{\376\377\000O\000b\000s\000e\000r\000v\000a\000t\000i\000o\000n\000\040\0005\000\040\000-\000\040\000S\000u\000p\000p\000o\000r\000t\000\040\000V\000e\000c\000t\000o\000r\000\040\000M\000a\000c\000h\000i\000n\000e}{section.10}% 45
\BOOKMARK [2][-]{subsection.10.6}{\376\377\000N\000e\000u\000r\000a\000l\000\040\000n\000e\000t\000w\000o\000r\000k}{section.10}% 46
\BOOKMARK [1][-]{section.11}{\376\377\000T\000h\000e\000o\000r\000e\000t\000i\000c\000a\000l\000\040\000a\000n\000a\000l\000y\000s\000i\000s}{}% 47
\BOOKMARK [2][-]{subsubsection.11.0.1}{\376\377\000M\000o\000t\000i\000v\000a\000t\000i\000o\000n}{section.11}% 48
\BOOKMARK [1][-]{section.12}{\376\377\000P\000h\000y\000s\000i\000c\000s\000-\000i\000n\000s\000p\000i\000r\000e\000d\000\040\000p\000e\000r\000s\000p\000e\000c\000t\000i\000v\000e\000\040\0001}{}% 49
\BOOKMARK [2][-]{subsection.12.1}{\376\377\000A\000\040\000F\000o\000r\000m\000a\000l\000\040\000L\000i\000n\000k\000\040\000v\000i\000a\000\040\000P\000A\000C\000-\000B\000a\000y\000e\000s\000i\000a\000n\000\040\000B\000o\000u\000n\000d\000s}{section.12}% 50
\BOOKMARK [1][-]{section.13}{\376\377\000T\000o\000p\000o\000l\000o\000g\000i\000c\000a\000l\000\040\000C\000r\000i\000t\000i\000c\000a\000l\000i\000t\000y\000\040\000i\000n\000\040\000G\000r\000a\000p\000h\000\040\000N\000e\000u\000r\000a\000l\000\040\000N\000e\000t\000w\000o\000r\000k\000s}{}% 51
\BOOKMARK [2][-]{subsection.13.1}{\376\377\000T\000h\000e\000\040\000I\000n\000t\000e\000r\000p\000o\000l\000a\000t\000i\000o\000n\000\040\000P\000e\000a\000k\000\040\000a\000s\000\040\000a\000\040\000C\000r\000i\000t\000i\000c\000a\000l\000\040\000P\000h\000e\000n\000o\000m\000e\000n\000o\000n}{section.13}% 52
\BOOKMARK [1][-]{section.14}{\376\377\000P\000h\000y\000s\000i\000c\000s\000-\000i\000n\000s\000p\000i\000r\000e\000d\000\040\000p\000e\000r\000s\000p\000e\000c\000t\000i\000v\000e\000\040\0002}{}% 53
\BOOKMARK [1][-]{section.15}{\376\377\000E\000x\000p\000e\000r\000i\000m\000e\000n\000t\000s\000\040\0005\000\040\000-\000\040\000G\000r\000a\000p\000h\000\040\000N\000e\000u\000r\000a\000l\000\040\000N\000e\000t\000w\000o\000r\000k\000s}{}% 54
\BOOKMARK [2][-]{subsection.15.1}{\376\377\000M\000e\000t\000h\000o\000d\000o\000l\000o\000g\000y}{section.15}% 55
\BOOKMARK [3][-]{subsubsection.15.1.1}{\376\377\000Q\000u\000i\000c\000k\000\040\000i\000n\000t\000r\000o\000d\000u\000c\000t\000i\000o\000n\000\040\000t\000o\000\040\000g\000r\000a\000p\000h\000\040\000t\000h\000e\000o\000r\000y}{subsection.15.1}% 56
\BOOKMARK [3][-]{subsubsection.15.1.2}{\376\377\000G\000r\000a\000p\000h\000\040\000N\000e\000u\000r\000a\000l\000\040\000N\000e\000t\000w\000o\000r\000k}{subsection.15.1}% 57
\BOOKMARK [2][-]{subsection.15.2}{\376\377\000D\000o\000u\000b\000l\000e\000\040\000d\000e\000s\000c\000e\000n\000t\000\040\000a\000n\000d\000\040\000G\000N\000N}{section.15}% 58
\BOOKMARK [2][-]{subsection.15.3}{\376\377\000T\000e\000s\000t\000i\000n\000g\000\040\000s\000c\000e\000n\000a\000r\000i\000o}{section.15}% 59
\BOOKMARK [1][-]{appendix.A}{\376\377\000P\000r\000o\000o\000f\000s\000\040\000o\000f\000\040\000t\000h\000e\000o\000r\000e\000m\000s\000\040\000a\000n\000d\000\040\000r\000e\000s\000u\000l\000t\000s}{}% 60
\BOOKMARK [2][-]{subsection.A.1}{\376\377\000G\000e\000m\000a\000n\000'\000s\000\040\000d\000e\000r\000i\000v\000a\000t\000i\000o\000n\000\040\000i\000n\000\040\0006\0007\0009\0007\0000\0008\0007}{appendix.A}% 61
\BOOKMARK [2][-]{subsection.A.2}{\376\377\000T\000h\000e\000o\000r\000e\000m\000\040\0009\000.\0003}{appendix.A}% 62
\BOOKMARK [1][-]{appendix.B}{\376\377\000D\000e\000t\000a\000i\000l\000s\000\040\000f\000o\000r\000\040\000s\000u\000p\000e\000r\000v\000i\000s\000e\000d\000\040\000l\000e\000a\000r\000n\000i\000n\000g\000\040\000s\000e\000t\000t\000i\000n\000g}{}% 63
\BOOKMARK [1][-]{appendix.C}{\376\377\000A\000b\000o\000u\000t\000\040\000M\000L\000P\000\040\000v\000e\000r\000s\000u\000s\000\040\000G\000N\000N}{}% 64
\BOOKMARK [1][-]{appendix.D}{\376\377\000L\000a\000t\000e\000n\000t\000\040\000s\000p\000a\000c\000e}{}% 65
\BOOKMARK [1][-]{appendix.E}{\376\377\000I\000d\000e\000a\000\040\000f\000o\000r\000\040\000r\000e\000p\000r\000e\000s\000e\000n\000t\000a\000t\000i\000o\000n\000\040\000c\000o\000m\000p\000l\000e\000x\000i\000t\000y}{}% 66
\BOOKMARK [2][-]{subsection.E.1}{\376\377\000S\000t\000r\000u\000c\000t\000u\000r\000e\000s\000\040\000o\000f\000\040\000o\000b\000j\000e\000c\000t}{appendix.E}% 67
\BOOKMARK [3][-]{subsubsection.E.1.1}{\376\377\000R\000e\000p\000r\000e\000s\000e\000n\000t\000a\000t\000i\000o\000n}{subsection.E.1}% 68
\BOOKMARK [2][-]{subsection.E.2}{\376\377\000B\000i\000a\000s\000-\000v\000a\000r\000i\000a\000n\000c\000e\000\040\000i\000n\000t\000u\000i\000t\000i\000o\000n\000\040\000-\000\040\000N\000o\000-\000f\000r\000e\000e\000-\000l\000u\000n\000c\000h\000\040\000\050\0001\0000\000.\0005\0005\0005\0005\000/\0002\0003\0007\0001\0002\0003\0008\000\051}{appendix.E}% 69
