This is pdfTeX, Version 3.141592653-2.6-1.40.27 (MiKTeX 25.4) (preloaded format=pdflatex 2025.6.17)  28 AUG 2025 17:44
entering extended mode
 restricted \write18 enabled.
 file:line:error style messages enabled.
 %&-line parsing enabled.
**"e:/Code Repository/Archive II/Arxiv___PRIME_AI_Style_Template/second_paper_partition/paper_partition1/main_jmlr.tex"
(e:/Code Repository/Archive II/Arxiv___PRIME_AI_Style_Template/second_paper_partition/paper_partition1/main_jmlr.tex
LaTeX2e <2025-06-01>
L3 programming layer <2025-05-26>
(D:\MikTek\tex/latex/base\article.cls
Document Class: article 2025/01/22 v1.4n Standard LaTeX document class
(D:\MikTek\tex/latex/base\size10.clo
File: size10.clo 2025/01/22 v1.4n Standard LaTeX file (size option)
)
\c@part=\count275
\c@section=\count276
\c@subsection=\count277
\c@subsubsection=\count278
\c@paragraph=\count279
\c@subparagraph=\count280
\c@figure=\count281
\c@table=\count282
\abovecaptionskip=\skip49
\belowcaptionskip=\skip50
\bibindent=\dimen148
) (jmlr2e.sty
Document Style `jmlr'.
(D:\MikTek\tex/latex/graphics\epsfig.sty
Package: epsfig 2024/01/14 v1.7b (e)psfig emulation (SPQR)
 (D:\MikTek\tex/latex/graphics\graphicx.sty
Package: graphicx 2024/12/31 v1.2e Enhanced LaTeX Graphics (DPC,SPQR)
 (D:\MikTek\tex/latex/graphics\keyval.sty
Package: keyval 2022/05/29 v1.15 key=value parser (DPC)
\KV@toks@=\toks17
) (D:\MikTek\tex/latex/graphics\graphics.sty
Package: graphics 2024/08/06 v1.4g Standard LaTeX Graphics (DPC,SPQR)
 (D:\MikTek\tex/latex/graphics\trig.sty
Package: trig 2023/12/02 v1.11 sin cos tan (DPC)
) (D:\MikTek\tex/latex/graphics-cfg\graphics.cfg
File: graphics.cfg 2016/06/04 v1.11 sample graphics configuration
)
Package graphics Info: Driver file: pdftex.def on input line 106.
 (D:\MikTek\tex/latex/graphics-def\pdftex.def
File: pdftex.def 2024/04/13 v1.2c Graphics/color driver for pdftex
))
\Gin@req@height=\dimen149
\Gin@req@width=\dimen150
)
\epsfxsize=\dimen151
\epsfysize=\dimen152
) (D:\MikTek\tex/latex/amsfonts\amssymb.sty
Package: amssymb 2013/01/14 v3.01 AMS font symbols
 (D:\MikTek\tex/latex/amsfonts\amsfonts.sty
Package: amsfonts 2013/01/14 v3.01 Basic AMSFonts support
\@emptytoks=\toks18
\symAMSa=\mathgroup4
\symAMSb=\mathgroup5
LaTeX Font Info:    Redeclaring math symbol \hbar on input line 98.
LaTeX Font Info:    Overwriting math alphabet `\mathfrak' in version `bold'
(Font)                  U/euf/m/n --> U/euf/b/n on input line 106.
)) (D:\MikTek\tex/latex/natbib\natbib.sty
Package: natbib 2010/09/13 8.31b (PWD, AO)
\bibhang=\skip51
\bibsep=\skip52
LaTeX Info: Redefining \cite on input line 694.
\c@NAT@ctr=\count283
) (D:\MikTek\tex/latex/hyperref\hyperref.sty
Package: hyperref 2025-05-20 v7.01m Hypertext links for LaTeX
 (D:\MikTek\tex/generic/iftex\iftex.sty
Package: iftex 2024/12/12 v1.0g TeX engine tests
) (D:\MikTek\tex/latex/kvsetkeys\kvsetkeys.sty
Package: kvsetkeys 2022-10-05 v1.19 Key value parser (HO)
) (D:\MikTek\tex/generic/kvdefinekeys\kvdefinekeys.sty
Package: kvdefinekeys 2019-12-19 v1.6 Define keys (HO)
) (D:\MikTek\tex/generic/pdfescape\pdfescape.sty
Package: pdfescape 2019/12/09 v1.15 Implements pdfTeX's escape features (HO)
 (D:\MikTek\tex/generic/ltxcmds\ltxcmds.sty
Package: ltxcmds 2023-12-04 v1.26 LaTeX kernel commands for general use (HO)
) (D:\MikTek\tex/generic/pdftexcmds\pdftexcmds.sty
Package: pdftexcmds 2020-06-27 v0.33 Utility functions of pdfTeX for LuaTeX (HO)
 (D:\MikTek\tex/generic/infwarerr\infwarerr.sty
Package: infwarerr 2019/12/03 v1.5 Providing info/warning/error messages (HO)
)
Package pdftexcmds Info: \pdf@primitive is available.
Package pdftexcmds Info: \pdf@ifprimitive is available.
Package pdftexcmds Info: \pdfdraftmode found.
)) (D:\MikTek\tex/latex/hycolor\hycolor.sty
Package: hycolor 2020-01-27 v1.10 Color options for hyperref/bookmark (HO)
) (D:\MikTek\tex/latex/hyperref\nameref.sty
Package: nameref 2023-11-26 v2.56 Cross-referencing by name of section
 (D:\MikTek\tex/latex/refcount\refcount.sty
Package: refcount 2019/12/15 v3.6 Data extraction from label references (HO)
) (D:\MikTek\tex/generic/gettitlestring\gettitlestring.sty
Package: gettitlestring 2019/12/15 v1.6 Cleanup title references (HO)
 (D:\MikTek\tex/latex/kvoptions\kvoptions.sty
Package: kvoptions 2022-06-15 v3.15 Key value format for package options (HO)
))
\c@section@level=\count284
) (D:\MikTek\tex/latex/etoolbox\etoolbox.sty
Package: etoolbox 2025/02/11 v2.5l e-TeX tools for LaTeX (JAW)
\etb@tempcnta=\count285
) (D:\MikTek\tex/generic/stringenc\stringenc.sty
Package: stringenc 2019/11/29 v1.12 Convert strings between diff. encodings (HO)
)
\@linkdim=\dimen153
\Hy@linkcounter=\count286
\Hy@pagecounter=\count287
 (D:\MikTek\tex/latex/hyperref\pd1enc.def
File: pd1enc.def 2025-05-20 v7.01m Hyperref: PDFDocEncoding definition (HO)
Now handling font encoding PD1 ...
... no UTF-8 mapping file for font encoding PD1
) (D:\MikTek\tex/generic/intcalc\intcalc.sty
Package: intcalc 2019/12/15 v1.3 Expandable calculations with integers (HO)
)
\Hy@SavedSpaceFactor=\count288
 (D:\MikTek\tex/latex/hyperref\puenc.def
File: puenc.def 2025-05-20 v7.01m Hyperref: PDF Unicode definition (HO)
Now handling font encoding PU ...
... no UTF-8 mapping file for font encoding PU
)
Package hyperref Info: Option `colorlinks' set `false' on input line 4040.
Package hyperref Info: Hyper figures OFF on input line 4157.
Package hyperref Info: Link nesting OFF on input line 4162.
Package hyperref Info: Hyper index ON on input line 4165.
Package hyperref Info: Plain pages OFF on input line 4172.
Package hyperref Info: Backreferencing OFF on input line 4177.
Package hyperref Info: Implicit mode ON; LaTeX internals redefined.
Package hyperref Info: Bookmarks ON on input line 4424.
\c@Hy@tempcnt=\count289
 (D:\MikTek\tex/latex/url\url.sty
\Urlmuskip=\muskip17
Package: url 2013/09/16  ver 3.4  Verb mode for urls, etc.
)
LaTeX Info: Redefining \url on input line 4763.
\XeTeXLinkMargin=\dimen154
 (D:\MikTek\tex/generic/bitset\bitset.sty
Package: bitset 2019/12/09 v1.3 Handle bit-vector datatype (HO)
 (D:\MikTek\tex/generic/bigintcalc\bigintcalc.sty
Package: bigintcalc 2019/12/15 v1.5 Expandable calculations on big integers (HO)
))
\Fld@menulength=\count290
\Field@Width=\dimen155
\Fld@charsize=\dimen156
Package hyperref Info: Hyper figures OFF on input line 6042.
Package hyperref Info: Link nesting OFF on input line 6047.
Package hyperref Info: Hyper index ON on input line 6050.
Package hyperref Info: backreferencing OFF on input line 6057.
Package hyperref Info: Link coloring OFF on input line 6062.
Package hyperref Info: Link coloring with OCG OFF on input line 6067.
Package hyperref Info: PDF/A mode OFF on input line 6072.
 (D:\MikTek\tex/latex/base\atbegshi-ltx.sty
Package: atbegshi-ltx 2021/01/10 v1.0c Emulation of the original atbegshi
package with kernel methods
)
\Hy@abspage=\count291
\c@Item=\count292
\c@Hfootnote=\count293
)
Package hyperref Info: Driver (autodetected): hpdftex.
 (D:\MikTek\tex/latex/hyperref\hpdftex.def
File: hpdftex.def 2025-05-20 v7.01m Hyperref driver for pdfTeX
\Fld@listcount=\count294
\c@bookmark@seq@number=\count295
 (D:\MikTek\tex/latex/rerunfilecheck\rerunfilecheck.sty
Package: rerunfilecheck 2022-07-10 v1.10 Rerun checks for auxiliary files (HO)
 (D:\MikTek\tex/latex/base\atveryend-ltx.sty
Package: atveryend-ltx 2020/08/19 v1.0a Emulation of the original atveryend package
with kernel methods
) (D:\MikTek\tex/generic/uniquecounter\uniquecounter.sty
Package: uniquecounter 2019/12/15 v1.4 Provide unlimited unique counter (HO)
)
Package uniquecounter Info: New unique counter `rerunfilecheck' on input line 285.
)
\Hy@SectionHShift=\skip53
)
\aftertitskip=\skip54
\beforetitskip=\skip55
\interauthorskip=\skip56
\aftermaketitskip=\skip57
\c@example=\count296
\c@theorem=\count297
) (D:\MikTek\tex/latex/lastpage\lastpage.sty
Package: lastpage 2025/06/06 v2.1g lastpage: 2.09 or 2e? (HMM)
 (D:\MikTek\tex/latex/lastpage\lastpage2e.sty
Package: lastpage2e 2025/06/06 v2.1g Decide which 2e lastpage version to use (HMM)
 (D:\MikTek\tex/latex/lastpage\lastpagemodern.sty
Package: lastpagemodern 2025-06-06 v2.1g Refers to last page's name (HMM; JPG)
\c@lastpagecount=\count298
) 
)) (D:\MikTek\tex/latex/base\inputenc.sty
Package: inputenc 2024/02/08 v1.3d Input encoding file
\inpenc@prehook=\toks19
\inpenc@posthook=\toks20
) (D:\MikTek\tex/latex/base\fontenc.sty
Package: fontenc 2024/12/21 v2.1c Standard LaTeX package
) (D:\MikTek\tex/latex/booktabs\booktabs.sty
Package: booktabs 2020/01/12 v1.61803398 Publication quality tables
\heavyrulewidth=\dimen157
\lightrulewidth=\dimen158
\cmidrulewidth=\dimen159
\belowrulesep=\dimen160
\belowbottomsep=\dimen161
\aboverulesep=\dimen162
\abovetopsep=\dimen163
\cmidrulesep=\dimen164
\cmidrulekern=\dimen165
\defaultaddspace=\dimen166
\@cmidla=\count299
\@cmidlb=\count300
\@aboverulesep=\dimen167
\@belowrulesep=\dimen168
\@thisruleclass=\count301
\@lastruleclass=\count302
\@thisrulewidth=\dimen169
) (D:\MikTek\tex/latex/units\nicefrac.sty
Package: nicefrac 1998/08/04 v0.9b Nice fractions
\L@UnitsRaiseDisplaystyle=\skip58
\L@UnitsRaiseTextstyle=\skip59
\L@UnitsRaiseScriptstyle=\skip60
 (D:\MikTek\tex/latex/base\ifthen.sty
Package: ifthen 2024/03/16 v1.1e Standard LaTeX ifthen package (DPC)
)) (D:\MikTek\tex/latex/microtype\microtype.sty
Package: microtype 2025/02/11 v3.2a Micro-typographical refinements (RS)
\MT@toks=\toks21
\MT@tempbox=\box53
\MT@count=\count303
LaTeX Info: Redefining \noprotrusionifhmode on input line 1087.
LaTeX Info: Redefining \leftprotrusion on input line 1088.
\MT@prot@toks=\toks22
LaTeX Info: Redefining \rightprotrusion on input line 1107.
LaTeX Info: Redefining \textls on input line 1449.
\MT@outer@kern=\dimen170
LaTeX Info: Redefining \microtypecontext on input line 2053.
LaTeX Info: Redefining \textmicrotypecontext on input line 2070.
\MT@listname@count=\count304
 (D:\MikTek\tex/latex/microtype\microtype-pdftex.def
File: microtype-pdftex.def 2025/02/11 v3.2a Definitions specific to pdftex (RS)
LaTeX Info: Redefining \lsstyle on input line 944.
LaTeX Info: Redefining \lslig on input line 944.
\MT@outer@space=\skip61
)
Package microtype Info: Loading configuration file microtype.cfg.
 (D:\MikTek\tex/latex/microtype\microtype.cfg
File: microtype.cfg 2025/02/11 v3.2a microtype main configuration file (RS)
)
LaTeX Info: Redefining \microtypesetup on input line 3065.
) (preamble.tex (D:\MikTek\tex/latex/titlesec\titlesec.sty
Package: titlesec 2025/01/04 v2.17 Sectioning titles
\ttl@box=\box54
\beforetitleunit=\skip62
\aftertitleunit=\skip63
\ttl@plus=\dimen171
\ttl@minus=\dimen172
\ttl@toksa=\toks23
\titlewidth=\dimen173
\titlewidthlast=\dimen174
\titlewidthfirst=\dimen175


Package titlesec Warning: Non standard sectioning command \section
(titlesec)                detected. Using default spacing and no format.


Package titlesec Warning: Non standard sectioning command \paragraph
(titlesec)                detected. Using default spacing and no format.


Package titlesec Warning: Non standard sectioning command \subparagraph
(titlesec)                detected. Using default spacing and no format.

) (D:\MikTek\tex/latex/amsmath\amsbsy.sty
Package: amsbsy 1999/11/29 v1.2d Bold Symbols
 (D:\MikTek\tex/latex/amsmath\amsgen.sty
File: amsgen.sty 1999/11/30 v2.0 generic functions
\@emptytoks=\toks24
\ex@=\dimen176
)
\pmbraise@=\dimen177
) (D:\MikTek\tex/latex/amsmath\amsmath.sty
Package: amsmath 2025/05/18 v2.17x AMS math features
\@mathmargin=\skip64

For additional information on amsmath, use the `?' option.
(D:\MikTek\tex/latex/amsmath\amstext.sty
Package: amstext 2024/11/17 v2.01 AMS text
) (D:\MikTek\tex/latex/amsmath\amsopn.sty
Package: amsopn 2022/04/08 v2.04 operator names
)
\inf@bad=\count305
LaTeX Info: Redefining \frac on input line 233.
\uproot@=\count306
\leftroot@=\count307
LaTeX Info: Redefining \overline on input line 398.
LaTeX Info: Redefining \colon on input line 409.
\classnum@=\count308
\DOTSCASE@=\count309
LaTeX Info: Redefining \ldots on input line 495.
LaTeX Info: Redefining \dots on input line 498.
LaTeX Info: Redefining \cdots on input line 619.
\Mathstrutbox@=\box55
\strutbox@=\box56
LaTeX Info: Redefining \big on input line 721.
LaTeX Info: Redefining \Big on input line 722.
LaTeX Info: Redefining \bigg on input line 723.
LaTeX Info: Redefining \Bigg on input line 724.
\big@size=\dimen178
LaTeX Font Info:    Redeclaring font encoding OML on input line 742.
LaTeX Font Info:    Redeclaring font encoding OMS on input line 743.
\macc@depth=\count310
LaTeX Info: Redefining \bmod on input line 904.
LaTeX Info: Redefining \pmod on input line 909.
LaTeX Info: Redefining \smash on input line 939.
LaTeX Info: Redefining \relbar on input line 969.
LaTeX Info: Redefining \Relbar on input line 970.
\c@MaxMatrixCols=\count311
\dotsspace@=\muskip18
\c@parentequation=\count312
\dspbrk@lvl=\count313
\tag@help=\toks25
\row@=\count314
\column@=\count315
\maxfields@=\count316
\andhelp@=\toks26
\eqnshift@=\dimen179
\alignsep@=\dimen180
\tagshift@=\dimen181
\tagwidth@=\dimen182
\totwidth@=\dimen183
\lineht@=\dimen184
\@envbody=\toks27
\multlinegap=\skip65
\multlinetaggap=\skip66
\mathdisplay@stack=\toks28
LaTeX Info: Redefining \[ on input line 2949.
LaTeX Info: Redefining \] on input line 2950.
) (D:\MikTek\tex/latex/tikz-cd\tikz-cd.sty
Package: tikz-cd 2021/05/04 v1.0 Commutative diagrams with TikZ
 (D:\MikTek\tex/latex/pgf/frontendlayer\tikz.sty (D:\MikTek\tex/latex/pgf/basiclayer\pgf.sty (D:\MikTek\tex/latex/pgf/utilities\pgfrcs.sty (D:\MikTek\tex/generic/pgf/utilities\pgfutil-common.tex
\pgfutil@everybye=\toks29
\pgfutil@tempdima=\dimen185
\pgfutil@tempdimb=\dimen186
) (D:\MikTek\tex/generic/pgf/utilities\pgfutil-latex.def
\pgfutil@abb=\box57
) (D:\MikTek\tex/generic/pgf/utilities\pgfrcs.code.tex (D:\MikTek\tex/generic/pgf\pgf.revision.tex)
Package: pgfrcs 2023-01-15 v3.1.10 (3.1.10)
))
Package: pgf 2023-01-15 v3.1.10 (3.1.10)
 (D:\MikTek\tex/latex/pgf/basiclayer\pgfcore.sty (D:\MikTek\tex/latex/pgf/systemlayer\pgfsys.sty (D:\MikTek\tex/generic/pgf/systemlayer\pgfsys.code.tex
Package: pgfsys 2023-01-15 v3.1.10 (3.1.10)
 (D:\MikTek\tex/generic/pgf/utilities\pgfkeys.code.tex
\pgfkeys@pathtoks=\toks30
\pgfkeys@temptoks=\toks31
 (D:\MikTek\tex/generic/pgf/utilities\pgfkeyslibraryfiltered.code.tex
\pgfkeys@tmptoks=\toks32
))
\pgf@x=\dimen187
\pgf@y=\dimen188
\pgf@xa=\dimen189
\pgf@ya=\dimen190
\pgf@xb=\dimen191
\pgf@yb=\dimen192
\pgf@xc=\dimen193
\pgf@yc=\dimen194
\pgf@xd=\dimen195
\pgf@yd=\dimen196
\w@pgf@writea=\write3
\r@pgf@reada=\read2
\c@pgf@counta=\count317
\c@pgf@countb=\count318
\c@pgf@countc=\count319
\c@pgf@countd=\count320
\t@pgf@toka=\toks33
\t@pgf@tokb=\toks34
\t@pgf@tokc=\toks35
\pgf@sys@id@count=\count321
 (D:\MikTek\tex/generic/pgf/systemlayer\pgf.cfg
File: pgf.cfg 2023-01-15 v3.1.10 (3.1.10)
)
Driver file for pgf: pgfsys-pdftex.def
 (D:\MikTek\tex/generic/pgf/systemlayer\pgfsys-pdftex.def
File: pgfsys-pdftex.def 2023-01-15 v3.1.10 (3.1.10)
 (D:\MikTek\tex/generic/pgf/systemlayer\pgfsys-common-pdf.def
File: pgfsys-common-pdf.def 2023-01-15 v3.1.10 (3.1.10)
))) (D:\MikTek\tex/generic/pgf/systemlayer\pgfsyssoftpath.code.tex
File: pgfsyssoftpath.code.tex 2023-01-15 v3.1.10 (3.1.10)
\pgfsyssoftpath@smallbuffer@items=\count322
\pgfsyssoftpath@bigbuffer@items=\count323
) (D:\MikTek\tex/generic/pgf/systemlayer\pgfsysprotocol.code.tex
File: pgfsysprotocol.code.tex 2023-01-15 v3.1.10 (3.1.10)
)) (D:\MikTek\tex/latex/xcolor\xcolor.sty
Package: xcolor 2024/09/29 v3.02 LaTeX color extensions (UK)
 (D:\MikTek\tex/latex/graphics-cfg\color.cfg
File: color.cfg 2016/01/02 v1.6 sample color configuration
)
Package xcolor Info: Driver file: pdftex.def on input line 274.
 (D:\MikTek\tex/latex/graphics\mathcolor.ltx)
Package xcolor Info: Model `cmy' substituted by `cmy0' on input line 1349.
Package xcolor Info: Model `hsb' substituted by `rgb' on input line 1353.
Package xcolor Info: Model `RGB' extended on input line 1365.
Package xcolor Info: Model `HTML' substituted by `rgb' on input line 1367.
Package xcolor Info: Model `Hsb' substituted by `hsb' on input line 1368.
Package xcolor Info: Model `tHsb' substituted by `hsb' on input line 1369.
Package xcolor Info: Model `HSB' substituted by `hsb' on input line 1370.
Package xcolor Info: Model `Gray' substituted by `gray' on input line 1371.
Package xcolor Info: Model `wave' substituted by `hsb' on input line 1372.
) (D:\MikTek\tex/generic/pgf/basiclayer\pgfcore.code.tex
Package: pgfcore 2023-01-15 v3.1.10 (3.1.10)
 (D:\MikTek\tex/generic/pgf/math\pgfmath.code.tex (D:\MikTek\tex/generic/pgf/math\pgfmathutil.code.tex) (D:\MikTek\tex/generic/pgf/math\pgfmathparser.code.tex
\pgfmath@dimen=\dimen197
\pgfmath@count=\count324
\pgfmath@box=\box58
\pgfmath@toks=\toks36
\pgfmath@stack@operand=\toks37
\pgfmath@stack@operation=\toks38
) (D:\MikTek\tex/generic/pgf/math\pgfmathfunctions.code.tex) (D:\MikTek\tex/generic/pgf/math\pgfmathfunctions.basic.code.tex) (D:\MikTek\tex/generic/pgf/math\pgfmathfunctions.trigonometric.code.tex) (D:\MikTek\tex/generic/pgf/math\pgfmathfunctions.random.code.tex) (D:\MikTek\tex/generic/pgf/math\pgfmathfunctions.comparison.code.tex) (D:\MikTek\tex/generic/pgf/math\pgfmathfunctions.base.code.tex) (D:\MikTek\tex/generic/pgf/math\pgfmathfunctions.round.code.tex) (D:\MikTek\tex/generic/pgf/math\pgfmathfunctions.misc.code.tex) (D:\MikTek\tex/generic/pgf/math\pgfmathfunctions.integerarithmetics.code.tex) (D:\MikTek\tex/generic/pgf/math\pgfmathcalc.code.tex) (D:\MikTek\tex/generic/pgf/math\pgfmathfloat.code.tex
\c@pgfmathroundto@lastzeros=\count325
)) (D:\MikTek\tex/generic/pgf/math\pgfint.code.tex) (D:\MikTek\tex/generic/pgf/basiclayer\pgfcorepoints.code.tex
File: pgfcorepoints.code.tex 2023-01-15 v3.1.10 (3.1.10)
\pgf@picminx=\dimen198
\pgf@picmaxx=\dimen199
\pgf@picminy=\dimen256
\pgf@picmaxy=\dimen257
\pgf@pathminx=\dimen258
\pgf@pathmaxx=\dimen259
\pgf@pathminy=\dimen260
\pgf@pathmaxy=\dimen261
\pgf@xx=\dimen262
\pgf@xy=\dimen263
\pgf@yx=\dimen264
\pgf@yy=\dimen265
\pgf@zx=\dimen266
\pgf@zy=\dimen267
) (D:\MikTek\tex/generic/pgf/basiclayer\pgfcorepathconstruct.code.tex
File: pgfcorepathconstruct.code.tex 2023-01-15 v3.1.10 (3.1.10)
\pgf@path@lastx=\dimen268
\pgf@path@lasty=\dimen269
) (D:\MikTek\tex/generic/pgf/basiclayer\pgfcorepathusage.code.tex
File: pgfcorepathusage.code.tex 2023-01-15 v3.1.10 (3.1.10)
\pgf@shorten@end@additional=\dimen270
\pgf@shorten@start@additional=\dimen271
) (D:\MikTek\tex/generic/pgf/basiclayer\pgfcorescopes.code.tex
File: pgfcorescopes.code.tex 2023-01-15 v3.1.10 (3.1.10)
\pgfpic=\box59
\pgf@hbox=\box60
\pgf@layerbox@main=\box61
\pgf@picture@serial@count=\count326
) (D:\MikTek\tex/generic/pgf/basiclayer\pgfcoregraphicstate.code.tex
File: pgfcoregraphicstate.code.tex 2023-01-15 v3.1.10 (3.1.10)
\pgflinewidth=\dimen272
) (D:\MikTek\tex/generic/pgf/basiclayer\pgfcoretransformations.code.tex
File: pgfcoretransformations.code.tex 2023-01-15 v3.1.10 (3.1.10)
\pgf@pt@x=\dimen273
\pgf@pt@y=\dimen274
\pgf@pt@temp=\dimen275
) (D:\MikTek\tex/generic/pgf/basiclayer\pgfcorequick.code.tex
File: pgfcorequick.code.tex 2023-01-15 v3.1.10 (3.1.10)
) (D:\MikTek\tex/generic/pgf/basiclayer\pgfcoreobjects.code.tex
File: pgfcoreobjects.code.tex 2023-01-15 v3.1.10 (3.1.10)
) (D:\MikTek\tex/generic/pgf/basiclayer\pgfcorepathprocessing.code.tex
File: pgfcorepathprocessing.code.tex 2023-01-15 v3.1.10 (3.1.10)
) (D:\MikTek\tex/generic/pgf/basiclayer\pgfcorearrows.code.tex
File: pgfcorearrows.code.tex 2023-01-15 v3.1.10 (3.1.10)
\pgfarrowsep=\dimen276
) (D:\MikTek\tex/generic/pgf/basiclayer\pgfcoreshade.code.tex
File: pgfcoreshade.code.tex 2023-01-15 v3.1.10 (3.1.10)
\pgf@max=\dimen277
\pgf@sys@shading@range@num=\count327
\pgf@shadingcount=\count328
) (D:\MikTek\tex/generic/pgf/basiclayer\pgfcoreimage.code.tex
File: pgfcoreimage.code.tex 2023-01-15 v3.1.10 (3.1.10)
) (D:\MikTek\tex/generic/pgf/basiclayer\pgfcoreexternal.code.tex
File: pgfcoreexternal.code.tex 2023-01-15 v3.1.10 (3.1.10)
\pgfexternal@startupbox=\box62
) (D:\MikTek\tex/generic/pgf/basiclayer\pgfcorelayers.code.tex
File: pgfcorelayers.code.tex 2023-01-15 v3.1.10 (3.1.10)
) (D:\MikTek\tex/generic/pgf/basiclayer\pgfcoretransparency.code.tex
File: pgfcoretransparency.code.tex 2023-01-15 v3.1.10 (3.1.10)
) (D:\MikTek\tex/generic/pgf/basiclayer\pgfcorepatterns.code.tex
File: pgfcorepatterns.code.tex 2023-01-15 v3.1.10 (3.1.10)
) (D:\MikTek\tex/generic/pgf/basiclayer\pgfcorerdf.code.tex
File: pgfcorerdf.code.tex 2023-01-15 v3.1.10 (3.1.10)
))) (D:\MikTek\tex/generic/pgf/modules\pgfmoduleshapes.code.tex
File: pgfmoduleshapes.code.tex 2023-01-15 v3.1.10 (3.1.10)
\pgfnodeparttextbox=\box63
) (D:\MikTek\tex/generic/pgf/modules\pgfmoduleplot.code.tex
File: pgfmoduleplot.code.tex 2023-01-15 v3.1.10 (3.1.10)
) (D:\MikTek\tex/latex/pgf/compatibility\pgfcomp-version-0-65.sty
Package: pgfcomp-version-0-65 2023-01-15 v3.1.10 (3.1.10)
\pgf@nodesepstart=\dimen278
\pgf@nodesepend=\dimen279
) (D:\MikTek\tex/latex/pgf/compatibility\pgfcomp-version-1-18.sty
Package: pgfcomp-version-1-18 2023-01-15 v3.1.10 (3.1.10)
)) (D:\MikTek\tex/latex/pgf/utilities\pgffor.sty (D:\MikTek\tex/latex/pgf/utilities\pgfkeys.sty (D:\MikTek\tex/generic/pgf/utilities\pgfkeys.code.tex)) (D:\MikTek\tex/latex/pgf/math\pgfmath.sty (D:\MikTek\tex/generic/pgf/math\pgfmath.code.tex)) (D:\MikTek\tex/generic/pgf/utilities\pgffor.code.tex
Package: pgffor 2023-01-15 v3.1.10 (3.1.10)
\pgffor@iter=\dimen280
\pgffor@skip=\dimen281
\pgffor@stack=\toks39
\pgffor@toks=\toks40
)) (D:\MikTek\tex/generic/pgf/frontendlayer/tikz\tikz.code.tex
Package: tikz 2023-01-15 v3.1.10 (3.1.10)
 (D:\MikTek\tex/generic/pgf/libraries\pgflibraryplothandlers.code.tex
File: pgflibraryplothandlers.code.tex 2023-01-15 v3.1.10 (3.1.10)
\pgf@plot@mark@count=\count329
\pgfplotmarksize=\dimen282
)
\tikz@lastx=\dimen283
\tikz@lasty=\dimen284
\tikz@lastxsaved=\dimen285
\tikz@lastysaved=\dimen286
\tikz@lastmovetox=\dimen287
\tikz@lastmovetoy=\dimen288
\tikzleveldistance=\dimen289
\tikzsiblingdistance=\dimen290
\tikz@figbox=\box64
\tikz@figbox@bg=\box65
\tikz@tempbox=\box66
\tikz@tempbox@bg=\box67
\tikztreelevel=\count330
\tikznumberofchildren=\count331
\tikznumberofcurrentchild=\count332
\tikz@fig@count=\count333
 (D:\MikTek\tex/generic/pgf/modules\pgfmodulematrix.code.tex
File: pgfmodulematrix.code.tex 2023-01-15 v3.1.10 (3.1.10)
\pgfmatrixcurrentrow=\count334
\pgfmatrixcurrentcolumn=\count335
\pgf@matrix@numberofcolumns=\count336
)
\tikz@expandcount=\count337
 (D:\MikTek\tex/generic/pgf/frontendlayer/tikz/libraries\tikzlibrarytopaths.code.tex
File: tikzlibrarytopaths.code.tex 2023-01-15 v3.1.10 (3.1.10)
))) (D:\MikTek\tex/latex/tikz-cd\tikzlibrarycd.code.tex (D:\MikTek\tex/generic/pgf/frontendlayer/tikz/libraries\tikzlibrarymatrix.code.tex
File: tikzlibrarymatrix.code.tex 2023-01-15 v3.1.10 (3.1.10)
) (D:\MikTek\tex/generic/pgf/frontendlayer/tikz/libraries\tikzlibraryquotes.code.tex
File: tikzlibraryquotes.code.tex 2023-01-15 v3.1.10 (3.1.10)
) (D:\MikTek\tex/generic/pgf/libraries\pgflibraryarrows.meta.code.tex
File: pgflibraryarrows.meta.code.tex 2023-01-15 v3.1.10 (3.1.10)
\pgfarrowinset=\dimen291
\pgfarrowlength=\dimen292
\pgfarrowwidth=\dimen293
\pgfarrowlinewidth=\dimen294
))) (D:\MikTek\tex/latex/tikz-3dplot\tikz-3dplot.sty (D:\MikTek\tex/generic/pgf/frontendlayer/tikz/libraries\tikzlibrarycalc.code.tex
File: tikzlibrarycalc.code.tex 2023-01-15 v3.1.10 (3.1.10)
) (D:\MikTek\tex/generic/pgf/frontendlayer/tikz/libraries\tikzlibrary3d.code.tex
File: tikzlibrary3d.code.tex 2023-01-15 v3.1.10 (3.1.10)
) (D:\MikTek\tex/generic/pgf/frontendlayer/tikz/libraries\tikzlibraryarrows.code.tex
File: tikzlibraryarrows.code.tex 2023-01-15 v3.1.10 (3.1.10)
 (D:\MikTek\tex/generic/pgf/libraries\pgflibraryarrows.code.tex
File: pgflibraryarrows.code.tex 2023-01-15 v3.1.10 (3.1.10)
\arrowsize=\dimen295
))) (D:\MikTek\tex/latex/circuitikz\circuitikz.sty
Package: circuitikz 2025/05/25{} The CircuiTikz circuit drawing package version 1.8.0
 (D:\MikTek\tex/generic/pgf/frontendlayer/tikz/libraries\tikzlibrarybending.code.tex
File: tikzlibrarybending.code.tex 2023-01-15 v3.1.10 (3.1.10)
 (D:\MikTek\tex/generic/pgf/modules\pgfmodulebending.code.tex
File: pgfmodulebending.code.tex 2023-01-15 v3.1.10 (3.1.10)
 (D:\MikTek\tex/generic/pgf/modules\pgfmodulenonlineartransformations.code.tex
File: pgfmodulenonlineartransformations.code.tex 2023-01-15 v3.1.10 (3.1.10)
\pgftransformnonlinearflatness=\dimen296
) (D:\MikTek\tex/generic/pgf/libraries\pgflibrarycurvilinear.code.tex
File: pgflibrarycurvilinear.code.tex 2023-01-15 v3.1.10 (3.1.10)
\pgf@curvilinear@time@a=\dimen297
\pgf@curvilinear@length@a=\dimen298
\pgf@curvilinear@length@b=\dimen299
\pgf@curvilinear@length@c=\dimen300
\pgf@curvilinear@length@d=\dimen301
)
\pgf@arrows@the@rigidity=\dimen302
)) (D:\MikTek\tex/generic/pgf/frontendlayer/tikz/libraries\tikzlibraryfpu.code.tex (D:\MikTek\tex/generic/pgf/libraries\pgflibraryfpu.code.tex)) (D:\MikTek\tex/generic/circuitikz\pgfcirc.defines.tex
\pgf@circ@count@a=\count338
\pgf@circ@count@b=\count339
\pgf@circ@count@c=\count340
\pgf@circ@res@up=\dimen303
\pgf@circ@res@down=\dimen304
\pgf@circ@res@zero=\dimen305
\pgf@circ@res@left=\dimen306
\pgf@circ@res@right=\dimen307
\pgf@circ@res@other=\dimen308
\pgf@circ@res@step=\dimen309
\pgf@circ@res@temp=\dimen310
\pgf@circ@Rlen=\dimen311
\pgf@circ@scaled@Rlen=\dimen312
\pgfstartlinewidth=\dimen313
) (D:\MikTek\tex/generic/circuitikz\pgfcircutils.tex
\ctikz@scratchbox=\box68
) (D:\MikTek\tex/generic/circuitikz\pgfcircpath.tex) (D:\MikTek\tex/generic/circuitikz\pgfcircshapes.tex) (D:\MikTek\tex/generic/circuitikz\pgfcircmonopoles.tex) (D:\MikTek\tex/generic/circuitikz\pgfcircbipoles.tex) (D:\MikTek\tex/generic/circuitikz\pgfcirctripoles.tex
\pgf@circ@res@count=\count341
) (D:\MikTek\tex/generic/circuitikz\pgfcircquadpoles.tex) (D:\MikTek\tex/generic/circuitikz\pgfcircmultipoles.tex) (D:\MikTek\tex/generic/circuitikz\pgfcirclabel.tex) (D:\MikTek\tex/generic/circuitikz\pgfcircvoltage.tex
\pgfcirc@labelshift=\dimen314
) (D:\MikTek\tex/generic/circuitikz\pgfcirccurrent.tex) (D:\MikTek\tex/generic/circuitikz\pgfcircflow.tex)) (D:\MikTek\tex/latex/geometry\geometry.sty
Package: geometry 2020/01/02 v5.9 Page Geometry
 (D:\MikTek\tex/generic/iftex\ifvtex.sty
Package: ifvtex 2019/10/25 v1.7 ifvtex legacy package. Use iftex instead.
)
\Gm@cnth=\count342
\Gm@cntv=\count343
\c@Gm@tempcnt=\count344
\Gm@bindingoffset=\dimen315
\Gm@wd@mp=\dimen316
\Gm@odd@mp=\dimen317
\Gm@even@mp=\dimen318
\Gm@layoutwidth=\dimen319
\Gm@layoutheight=\dimen320
\Gm@layouthoffset=\dimen321
\Gm@layoutvoffset=\dimen322
\Gm@dimlist=\toks41
 (D:\MikTek\tex/latex/geometry\geometry.cfg)) (D:\MikTek\tex/latex/bbm\bbm.sty
Package: bbm 1999/03/15 V 1.2 provides fonts for set symbols - TH
LaTeX Font Info:    Overwriting math alphabet `\mathbbm' in version `bold'
(Font)                  U/bbm/m/n --> U/bbm/bx/n on input line 33.
LaTeX Font Info:    Overwriting math alphabet `\mathbbmss' in version `bold'
(Font)                  U/bbmss/m/n --> U/bbmss/bx/n on input line 35.
) (D:\MikTek\tex/latex/tools\bm.sty
Package: bm 2023/12/19 v1.2f Bold Symbol Support (DPC/FMi)
\symboldoperators=\mathgroup6
\symboldletters=\mathgroup7
\symboldsymbols=\mathgroup8
Package bm Info: No bold for \OMX/cmex/m/n, using \pmb.
Package bm Info: No bold for \U/msa/m/n, using \pmb.
Package bm Info: No bold for \U/msb/m/n, using \pmb.
LaTeX Font Info:    Redeclaring math alphabet \mathbf on input line 149.
) (D:\MikTek\tex/latex/enumitem\enumitem.sty
Package: enumitem 2025/02/06 v3.11 Customized lists
\labelindent=\skip67
\enit@outerparindent=\dimen323
\enit@toks=\toks42
\enit@inbox=\box69
\enit@count@id=\count345
\enitdp@description=\count346
) (D:\MikTek\tex/latex/fancyhdr\fancyhdr.sty
Package: fancyhdr 2025/02/07 v5.2 Extensive control of page headers and footers
\f@nch@headwidth=\skip68
\f@nch@offset@elh=\skip69
\f@nch@offset@erh=\skip70
\f@nch@offset@olh=\skip71
\f@nch@offset@orh=\skip72
\f@nch@offset@elf=\skip73
\f@nch@offset@erf=\skip74
\f@nch@offset@olf=\skip75
\f@nch@offset@orf=\skip76
\f@nch@height=\skip77
\f@nch@footalignment=\skip78
\f@nch@widthL=\skip79
\f@nch@widthC=\skip80
\f@nch@widthR=\skip81
\@temptokenb=\toks43
) (D:\MikTek\tex/latex/parskip\parskip.sty
Package: parskip 2021-03-14 v2.0h non-zero parskip adjustments
) (D:\MikTek\tex/latex/caption\caption.sty
Package: caption 2023/08/05 v3.6o Customizing captions (AR)
 (D:\MikTek\tex/latex/caption\caption3.sty
Package: caption3 2023/07/31 v2.4d caption3 kernel (AR)
\caption@tempdima=\dimen324
\captionmargin=\dimen325
\caption@leftmargin=\dimen326
\caption@rightmargin=\dimen327
\caption@width=\dimen328
\caption@indent=\dimen329
\caption@parindent=\dimen330
\caption@hangindent=\dimen331
Package caption Info: Unknown document class (or package),
(caption)             standard defaults will be used.
Package caption Info: \@makecaption = \long macro:#1#2-> \vskip 10pt \setbox \@tempboxa \hbox {#1: #2} \ifdim \wd \@tempboxa >\hsize \begin {list}{#1:}{ \settowidth {\labelwidth }{#1:} \setlength {\leftmargin }{\labelwidth } \addtolength {\leftmargin }{\labelsep } }\item #2 \end {list}\par \else \hbox to\hsize {\hfil \box \@tempboxa \hfil } \fi  on input line 1175.
)

Package caption Warning: Unknown document class (or package),
(caption)                standard defaults will be used.
See the caption package documentation for explanation.

\c@caption@flags=\count347
\c@continuedfloat=\count348
Package caption Info: hyperref package is loaded.
) (D:\MikTek\tex/latex/mathtools\mathtools.sty
Package: mathtools 2024/10/04 v1.31 mathematical typesetting tools
 (D:\MikTek\tex/latex/tools\calc.sty
Package: calc 2025/03/01 v4.3b Infix arithmetic (KKT,FJ)
\calc@Acount=\count349
\calc@Bcount=\count350
\calc@Adimen=\dimen332
\calc@Bdimen=\dimen333
\calc@Askip=\skip82
\calc@Bskip=\skip83
LaTeX Info: Redefining \setlength on input line 86.
LaTeX Info: Redefining \addtolength on input line 87.
\calc@Ccount=\count351
\calc@Cskip=\skip84
) (D:\MikTek\tex/latex/mathtools\mhsetup.sty
Package: mhsetup 2021/03/18 v1.4 programming setup (MH)
)
\g_MT_multlinerow_int=\count352
\l_MT_multwidth_dim=\dimen334
\origjot=\skip85
\l_MT_shortvdotswithinadjustabove_dim=\dimen335
\l_MT_shortvdotswithinadjustbelow_dim=\dimen336
\l_MT_above_intertext_sep=\dimen337
\l_MT_below_intertext_sep=\dimen338
\l_MT_above_shortintertext_sep=\dimen339
\l_MT_below_shortintertext_sep=\dimen340
\xmathstrut@box=\box70
\xmathstrut@dim=\dimen341
) (D:\MikTek\tex/latex/parnotes\parnotes.sty
Package: parnotes 2024/06/12 rev. 3c Notes after every paragraph, or elsewhere
\c@parnotemark=\count353
) (D:\MikTek\tex/latex/tools\tabularx.sty
Package: tabularx 2023/12/11 v2.12a `tabularx' package (DPC)
 (D:\MikTek\tex/latex/tools\array.sty
Package: array 2025/05/19 v2.6i Tabular extension package (FMi)
\col@sep=\dimen342
\ar@mcellbox=\box71
\extrarowheight=\dimen343
\NC@list=\toks44
\extratabsurround=\skip86
\backup@length=\skip87
\ar@cellbox=\box72
)
\TX@col@width=\dimen344
\TX@old@table=\dimen345
\TX@old@col=\dimen346
\TX@target=\dimen347
\TX@delta=\dimen348
\TX@cols=\count354
\TX@ftn=\toks45
) (D:\MikTek\tex/latex/braket\braket.sty) (D:\MikTek\tex/latex/float\float.sty
Package: float 2001/11/08 v1.3d Float enhancements (AL)
\c@float@type=\count355
\float@exts=\toks46
\float@box=\box73
\@float@everytoks=\toks47
\@floatcapt=\box74
) (D:\MikTek\tex/latex/graphics\dvipsnam.def
File: dvipsnam.def 2016/06/17 v3.0m Driver-dependent file (DPC,SPQR)
) (D:\MikTek\tex/latex/xcolor\svgnam.def
File: svgnam.def 2024/09/29 v3.02 Predefined colors according to SVG 1.1 (UK)
) (D:\MikTek\tex/latex/xcolor\x11nam.def
File: x11nam.def 2024/09/29 v3.02 Predefined colors according to Unix/X11 (UK)
) (D:\MikTek\tex/latex/thmtools\thmtools.sty
Package: thmtools 2023/05/04 v0.76
\thmt@toks=\toks48
\c@thmt@dummyctr=\count356
 (D:\MikTek\tex/latex/thmtools\thm-patch.sty
Package: thm-patch 2023/05/04 v0.76
 (D:\MikTek\tex/latex/thmtools\parseargs.sty
Package: parseargs 2023/05/04 v0.76
\@parsespec=\toks49
)) (D:\MikTek\tex/latex/thmtools\thm-kv.sty
Package: thm-kv 2023/05/04 v0.76
Package thm-kv Info: Theorem names will be uppercased on input line 42.
Package thm-kv Info: kvsetkeys patch (v1.16 or later) on input line 158.
) (D:\MikTek\tex/latex/thmtools\thm-autoref.sty
Package: thm-autoref 2023/05/04 v0.76
 (D:\MikTek\tex/latex/thmtools\aliasctr.sty
Package: aliasctr 2023/05/04 v0.76
)) (D:\MikTek\tex/latex/thmtools\thm-listof.sty
Package: thm-listof 2023/05/04 v0.76
) (D:\MikTek\tex/latex/thmtools\thm-restate.sty
Package: thm-restate 2023/05/04 v0.76
)) (D:\MikTek\tex/latex/nicematrix\nicematrix.sty
Package: nicematrix 2025/04/28 v7.1c Enhanced arrays with the help of PGF/TikZ
\l__nicematrix_tmpc_dim=\dimen349
\l__nicematrix_tmpd_dim=\dimen350
\l__nicematrix_tmpe_dim=\dimen351
\l__nicematrix_tmpf_dim=\dimen352
\l__nicematrix_tmpc_int=\count357
\g__nicematrix_env_int=\count358
\g__nicematrix_NiceMatrixBlock_int=\count359
\g__nicematrix_notes_caption_int=\count360
\l__nicematrix_columns_width_dim=\dimen353
\l__nicematrix_col_width_dim=\dimen354
\g__nicematrix_row_total_int=\count361
\g__nicematrix_col_total_int=\count362
\g__nicematrix_last_row_node_int=\count363
\l__nicematrix_key_nb_rows_int=\count364
\g__nicematrix_blocks_wd_dim=\dimen355
\g__nicematrix_blocks_ht_dim=\dimen356
\g__nicematrix_blocks_dp_dim=\dimen357
\l__nicematrix_width_dim=\dimen358
\l__nicematrix_tabular_width_dim=\dimen359
\l__nicematrix_rule_width_dim=\dimen360
\l__nicematrix_old_iRow_int=\count365
\l__nicematrix_old_jCol_int=\count366
\l__nicematrix_X_columns_dim=\dimen361
\l__nicematrix_x_initial_dim=\dimen362
\l__nicematrix_y_initial_dim=\dimen363
\l__nicematrix_x_final_dim=\dimen364
\l__nicematrix_y_final_dim=\dimen365
\g__nicematrix_dp_row_zero_dim=\dimen366
\g__nicematrix_ht_row_zero_dim=\dimen367
\g__nicematrix_ht_row_one_dim=\dimen368
\g__nicematrix_dp_ante_last_row_dim=\dimen369
\g__nicematrix_ht_last_row_dim=\dimen370
\g__nicematrix_dp_last_row_dim=\dimen371
\g__nicematrix_width_last_col_dim=\dimen372
\g__nicematrix_width_first_col_dim=\dimen373
\g__nicematrix_ddots_int=\count367
\g__nicematrix_iddots_int=\count368
\g__nicematrix_delta_x_one_dim=\dimen374
\g__nicematrix_delta_y_one_dim=\dimen375
\g__nicematrix_delta_x_two_dim=\dimen376
\g__nicematrix_delta_y_two_dim=\dimen377
\l__nicematrix_row_min_int=\count369
\l__nicematrix_row_max_int=\count370
\l__nicematrix_col_min_int=\count371
\l__nicematrix_col_max_int=\count372
\l__nicematrix_initial_i_int=\count373
\l__nicematrix_initial_j_int=\count374
\l__nicematrix_final_i_int=\count375
\l__nicematrix_final_j_int=\count376
\l__nicematrix_start_int=\count377
\l__nicematrix_end_int=\count378
\l__nicematrix_local_start_int=\count379
\l__nicematrix_local_end_int=\count380
\g__nicematrix_static_num_of_col_int=\count381
\l__nicematrix_rounded_corners_dim=\dimen378
\l__nicematrix_tab_rounded_corners_dim=\dimen379
\l__nicematrix_offset_dim=\dimen380
\l__nicematrix_line_width_dim=\dimen381
\g__nicematrix_block_box_int=\count382
\l__nicematrix_submatrix_extra_height_dim=\dimen382
\l__nicematrix_submatrix_left_xshift_dim=\dimen383
\l__nicematrix_submatrix_right_xshift_dim=\dimen384
\l__nicematrix_first_row_int=\count383
\l__nicematrix_first_col_int=\count384
\l__nicematrix_last_row_int=\count385
\l__nicematrix_last_col_int=\count386
\c@tabularnote=\count387
\g__nicematrix_tabularnote_int=\count388
\c@nicematrix_draft=\count389
\l__nicematrix_cell_space_top_limit_dim=\dimen385
\l__nicematrix_cell_space_bottom_limit_dim=\dimen386
\l__nicematrix_xdots_inter_dim=\dimen387
\l__nicematrix_xdots_shorten_start_dim=\dimen388
\l__nicematrix_xdots_shorten_end_dim=\dimen389
\l__nicematrix_xdots_radius_dim=\dimen390
\l__nicematrix_left_margin_dim=\dimen391
\l__nicematrix_right_margin_dim=\dimen392
\l__nicematrix_extra_left_margin_dim=\dimen393
\l__nicematrix_extra_right_margin_dim=\dimen394
\c__nicematrix_max_l_dim=\dimen395
\l__nicematrix_position_int=\count390
\l__nicematrix_multiplicity_int=\count391
\l__nicematrix_brace_yshift_dim=\dimen396
) (D:\MikTek\tex/latex/caption\subcaption.sty
Package: subcaption 2023/07/28 v1.6b Sub-captions (AR)
Package caption Info: New subtype `subfigure' on input line 238.
\c@subfigure=\count392
Package caption Info: New subtype `subtable' on input line 238.
\c@subtable=\count393
) (D:\MikTek\tex/latex/algorithm2e\algorithm2e.sty
Package: algorithm2e 2017/07/18 v5.2 algorithms environments
\c@AlgoLine=\count394
\algocf@hangindent=\skip88
 (D:\MikTek\tex/latex/ifoddpage\ifoddpage.sty
Package: ifoddpage 2022/10/18 v1.2 Conditionals for odd/even page detection
\c@checkoddpage=\count395
) (D:\MikTek\tex/latex/tools\xspace.sty
Package: xspace 2014/10/28 v1.13 Space after command names (DPC,MH)
) (D:\MikTek\tex/latex/relsize\relsize.sty
Package: relsize 2013/03/29 ver 4.1
)
\skiptotal=\skip89
\skiplinenumber=\skip90
\skiprule=\skip91
\skiphlne=\skip92
\skiptext=\skip93
\skiplength=\skip94
\algomargin=\skip95
\skipalgocfslide=\skip96
\algowidth=\dimen397
\inoutsize=\dimen398
\inoutindent=\dimen399
\interspacetitleruled=\dimen400
\interspacealgoruled=\dimen401
\interspacetitleboxruled=\dimen402
\algocf@ruledwidth=\skip97
\algocf@inoutbox=\box75
\algocf@inputbox=\box76
\AlCapSkip=\skip98
\AlCapHSkip=\skip99
\algoskipindent=\skip100
\algocf@nlbox=\box77
\algocf@hangingbox=\box78
\algocf@untilbox=\box79
\algocf@skipuntil=\skip101
\algocf@capbox=\box80
\algocf@lcaptionbox=\skip102
\algoheightruledefault=\skip103
\algoheightrule=\skip104
\algotitleheightruledefault=\skip105
\algotitleheightrule=\skip106
\c@algocfline=\count396
\c@algocfproc=\count397
\c@algocf=\count398
\algocf@algoframe=\box81
\algocf@algobox=\box82
) (D:\MikTek\tex/latex/algorithmicx\algorithmicx.sty
Package: algorithmicx 2005/04/27 v1.2 Algorithmicx

Document Style algorithmicx 1.2 - a greatly improved `algorithmic' style
\c@ALG@line=\count399
\c@ALG@rem=\count400
\c@ALG@nested=\count401
\ALG@tlm=\skip107
\ALG@thistlm=\skip108
\c@ALG@Lnr=\count402
\c@ALG@blocknr=\count403
\c@ALG@storecount=\count404
\c@ALG@tmpcounter=\count405
\ALG@tmplength=\skip109
) (D:\MikTek\tex/latex/pgfplots\pgfplots.sty (D:\MikTek\tex/generic/pgfplots\pgfplots.revision.tex)
Package: pgfplots 2021/05/15 v1.18.1 Data Visualization (1.18.1)
 (D:\MikTek\tex/generic/pgfplots\pgfplots.code.tex (D:\MikTek\tex/generic/pgfplots\pgfplotscore.code.tex
\t@pgfplots@toka=\toks50
\t@pgfplots@tokb=\toks51
\t@pgfplots@tokc=\toks52
\pgfplots@tmpa=\dimen403
\c@pgfplots@coordindex=\count406
\c@pgfplots@scanlineindex=\count407
 (D:\MikTek\tex/generic/pgfplots/sys\pgfplotssysgeneric.code.tex)) (D:\MikTek\tex/generic/pgfplots/libs\pgfplotslibrary.code.tex) (D:\MikTek\tex/generic/pgfplots/oldpgfcompatib\pgfplotsoldpgfsupp_loader.code.tex
Package pgfplots: loading complementary utilities for your pgf version...
\t@pgf@toka=\toks53
\t@pgf@tokb=\toks54
\t@pgf@tokc=\toks55
(D:\MikTek\tex/generic/pgfplots/oldpgfcompatib\pgfplotsoldpgfsupp_pgfutil-common-lists.tex)) (D:\MikTek\tex/generic/pgfplots/util\pgfplotsutil.code.tex (D:\MikTek\tex/generic/pgfplots/liststructure\pgfplotsliststructure.code.tex) (D:\MikTek\tex/generic/pgfplots/liststructure\pgfplotsliststructureext.code.tex) (D:\MikTek\tex/generic/pgfplots/liststructure\pgfplotsarray.code.tex
\c@pgfplotsarray@tmp=\count408
) (D:\MikTek\tex/generic/pgfplots/liststructure\pgfplotsmatrix.code.tex) (D:\MikTek\tex/generic/pgfplots/numtable\pgfplotstableshared.code.tex
\c@pgfplotstable@counta=\count409
\t@pgfplotstable@a=\toks56
) (D:\MikTek\tex/generic/pgfplots/liststructure\pgfplotsdeque.code.tex) (D:\MikTek\tex/generic/pgfplots/util\pgfplotsbinary.code.tex (D:\MikTek\tex/generic/pgfplots/util\pgfplotsbinary.data.code.tex)) (D:\MikTek\tex/generic/pgfplots/util\pgfplotsutil.verb.code.tex) (D:\MikTek\tex/generic/pgfplots/libs\pgflibrarypgfplots.surfshading.code.tex
\c@pgfplotslibrarysurf@no=\count410
 (D:\MikTek\tex/generic/pgfplots/sys\pgflibrarypgfplots.surfshading.pgfsys-pdftex.def))) (D:\MikTek\tex/generic/pgfplots/util\pgfplotscolormap.code.tex (D:\MikTek\tex/generic/pgfplots/util\pgfplotscolor.code.tex)) (D:\MikTek\tex/generic/pgfplots\pgfplotsstackedplots.code.tex) (D:\MikTek\tex/generic/pgfplots\pgfplotsplothandlers.code.tex (D:\MikTek\tex/generic/pgfplots\pgfplotsmeshplothandler.code.tex (D:\MikTek\tex/generic/pgfplots\pgfplotsmeshplotimage.code.tex))) (D:\MikTek\tex/generic/pgfplots\pgfplots.scaling.code.tex) (D:\MikTek\tex/generic/pgfplots\pgfplotscoordprocessing.code.tex) (D:\MikTek\tex/generic/pgfplots\pgfplots.errorbars.code.tex) (D:\MikTek\tex/generic/pgfplots\pgfplots.markers.code.tex) (D:\MikTek\tex/generic/pgfplots\pgfplotsticks.code.tex) (D:\MikTek\tex/generic/pgfplots\pgfplots.paths.code.tex) (D:\MikTek\tex/generic/pgf/frontendlayer/tikz/libraries\tikzlibrarydecorations.code.tex (D:\MikTek\tex/generic/pgf/modules\pgfmoduledecorations.code.tex
\pgfdecoratedcompleteddistance=\dimen404
\pgfdecoratedremainingdistance=\dimen405
\pgfdecoratedinputsegmentcompleteddistance=\dimen406
\pgfdecoratedinputsegmentremainingdistance=\dimen407
\pgf@decorate@distancetomove=\dimen408
\pgf@decorate@repeatstate=\count411
\pgfdecorationsegmentamplitude=\dimen409
\pgfdecorationsegmentlength=\dimen410
)
\tikz@lib@dec@box=\box83
) (D:\MikTek\tex/generic/pgf/frontendlayer/tikz/libraries\tikzlibrarydecorations.pathmorphing.code.tex (D:\MikTek\tex/generic/pgf/libraries/decorations\pgflibrarydecorations.pathmorphing.code.tex)) (D:\MikTek\tex/generic/pgf/frontendlayer/tikz/libraries\tikzlibrarydecorations.pathreplacing.code.tex (D:\MikTek\tex/generic/pgf/libraries/decorations\pgflibrarydecorations.pathreplacing.code.tex)) (D:\MikTek\tex/generic/pgfplots/libs\tikzlibrarypgfplots.contourlua.code.tex)
\pgfplots@numplots=\count412
\pgfplots@xmin@reg=\dimen411
\pgfplots@xmax@reg=\dimen412
\pgfplots@ymin@reg=\dimen413
\pgfplots@ymax@reg=\dimen414
\pgfplots@zmin@reg=\dimen415
\pgfplots@zmax@reg=\dimen416
) (D:\MikTek\tex/generic/pgf/frontendlayer/tikz/libraries\tikzlibraryplotmarks.code.tex
File: tikzlibraryplotmarks.code.tex 2023-01-15 v3.1.10 (3.1.10)
 (D:\MikTek\tex/generic/pgf/libraries\pgflibraryplotmarks.code.tex
File: pgflibraryplotmarks.code.tex 2023-01-15 v3.1.10 (3.1.10)
))) (D:\MikTek\tex/generic/pgf/frontendlayer/tikz/libraries\tikzlibrarypatterns.code.tex
File: tikzlibrarypatterns.code.tex 2023-01-15 v3.1.10 (3.1.10)
 (D:\MikTek\tex/generic/pgf/libraries\pgflibrarypatterns.code.tex
File: pgflibrarypatterns.code.tex 2023-01-15 v3.1.10 (3.1.10)
)) (D:\MikTek\tex/generic/pgf/frontendlayer/tikz/libraries\tikzlibraryshadings.code.tex
File: tikzlibraryshadings.code.tex 2023-01-15 v3.1.10 (3.1.10)
 (D:\MikTek\tex/generic/pgf/libraries\pgflibraryshadings.code.tex
File: pgflibraryshadings.code.tex 2023-01-15 v3.1.10 (3.1.10)
)) (D:\MikTek\tex/generic/pgf/frontendlayer/tikz/libraries\tikzlibraryshapes.geometric.code.tex
File: tikzlibraryshapes.geometric.code.tex 2023-01-15 v3.1.10 (3.1.10)
 (D:\MikTek\tex/generic/pgf/libraries/shapes\pgflibraryshapes.geometric.code.tex
File: pgflibraryshapes.geometric.code.tex 2023-01-15 v3.1.10 (3.1.10)
)) (D:\MikTek\tex/generic/pgf/frontendlayer/tikz/libraries\tikzlibrarypositioning.code.tex
File: tikzlibrarypositioning.code.tex 2023-01-15 v3.1.10 (3.1.10)
) (D:\MikTek\tex/generic/pgf/frontendlayer/tikz/libraries\tikzlibraryfit.code.tex
File: tikzlibraryfit.code.tex 2023-01-15 v3.1.10 (3.1.10)
)
Package hyperref Info: Option `colorlinks' set `true' on input line 123.
\c@col=\count413
\c@setting=\count414
\c@assume=\count415
\c@hypothesis=\count416
\c@question=\count417
\c@note=\count418
) (D:\MikTek\tex/latex/sidecap\sidecap.sty
Package: sidecap 2023/01/24 v1.7a SideCap Package (RN/HjG)
\SC@BOXWD=\dimen417
\SC@CAPWD=\dimen418
\SC@tempdima=\dimen419
\SC@tempdimb=\dimen420
\c@SC@C=\count419
\SC@BOX=\box84
) (mathcommand.tex
LaTeX Font Info:    Overwriting math alphabet `\mathsfit' in version `bold'
(Font)                  T1/cmss/m/sl --> T1/cmss/bx/n on input line 314.
) (D:\MikTek\tex/latex/stmaryrd\stmaryrd.sty
Package: stmaryrd 1994/03/03 St Mary's Road symbol package
\symstmry=\mathgroup9
LaTeX Font Info:    Overwriting symbol font `stmry' in version `bold'
(Font)                  U/stmry/m/n --> U/stmry/b/n on input line 89.
) (D:\MikTek\tex/latex/csquotes\csquotes.sty
Package: csquotes 2024-04-04 v5.2o context-sensitive quotations (JAW)
\csq@reset=\count420
\csq@gtype=\count421
\csq@glevel=\count422
\csq@qlevel=\count423
\csq@maxlvl=\count424
\csq@tshold=\count425
\csq@ltx@everypar=\toks57
 (D:\MikTek\tex/latex/csquotes\csquotes.def
File: csquotes.def 2024-04-04 v5.2o csquotes generic definitions (JAW)
)
Package csquotes Info: Trying to load configuration file 'csquotes.cfg'...
Package csquotes Info: ... configuration file loaded successfully.
 (D:\MikTek\tex/latex/csquotes\csquotes.cfg
File: csquotes.cfg 
))
Package csquotes Info: Checking for multilingual support...
Package csquotes Info: ... none found.
 (D:\MikTek\tex/latex/l3backend\l3backend-pdftex.def
File: l3backend-pdftex.def 2025-04-14 L3 backend support: PDF output (pdfTeX)
\l__color_backend_stack_int=\count426
) (main_jmlr.aux)
\openout1 = `main_jmlr.aux'.

LaTeX Font Info:    Checking defaults for OML/cmm/m/it on input line 75.
LaTeX Font Info:    ... okay on input line 75.
LaTeX Font Info:    Checking defaults for OMS/cmsy/m/n on input line 75.
LaTeX Font Info:    ... okay on input line 75.
LaTeX Font Info:    Checking defaults for OT1/cmr/m/n on input line 75.
LaTeX Font Info:    ... okay on input line 75.
LaTeX Font Info:    Checking defaults for T1/cmr/m/n on input line 75.
LaTeX Font Info:    ... okay on input line 75.
LaTeX Font Info:    Checking defaults for TS1/cmr/m/n on input line 75.
LaTeX Font Info:    ... okay on input line 75.
LaTeX Font Info:    Checking defaults for OMX/cmex/m/n on input line 75.
LaTeX Font Info:    ... okay on input line 75.
LaTeX Font Info:    Checking defaults for U/cmr/m/n on input line 75.
LaTeX Font Info:    ... okay on input line 75.
LaTeX Font Info:    Checking defaults for PD1/pdf/m/n on input line 75.
LaTeX Font Info:    ... okay on input line 75.
LaTeX Font Info:    Checking defaults for PU/pdf/m/n on input line 75.
LaTeX Font Info:    ... okay on input line 75.
 (D:\MikTek\tex/context/base/mkii\supp-pdf.mkii
[Loading MPS to PDF converter (version 2006.09.02).]
\scratchcounter=\count427
\scratchdimen=\dimen421
\scratchbox=\box85
\nofMPsegments=\count428
\nofMParguments=\count429
\everyMPshowfont=\toks58
\MPscratchCnt=\count430
\MPscratchDim=\dimen422
\MPnumerator=\count431
\makeMPintoPDFobject=\count432
\everyMPtoPDFconversion=\toks59
) (D:\MikTek\tex/latex/epstopdf-pkg\epstopdf-base.sty
Package: epstopdf-base 2020-01-24 v2.11 Base part for package epstopdf
Package epstopdf-base Info: Redefining graphics rule for `.eps' on input line 485.
 (D:\MikTek\tex/latex/00miktex\epstopdf-sys.cfg
File: epstopdf-sys.cfg 2021/03/18 v2.0 Configuration of epstopdf for MiKTeX
))
Package hyperref Info: Link coloring ON on input line 75.
 (main_jmlr.out) (main_jmlr.out)
\@outlinefile=\write4
\openout4 = `main_jmlr.out'.

LaTeX Info: Redefining \microtypecontext on input line 75.
Package microtype Info: Applying patch `item' on input line 75.
Package microtype Info: Applying patch `toc' on input line 75.
Package microtype Info: Applying patch `eqnum' on input line 75.
Package microtype Info: Applying patch `footnote' on input line 75.
Package microtype Info: Applying patch `verbatim' on input line 75.
LaTeX Info: Redefining \microtypesetup on input line 75.
Package microtype Info: Generating PDF output.
Package microtype Info: Character protrusion enabled (level 2).
Package microtype Info: Using default protrusion set `alltext'.
Package microtype Info: Automatic font expansion enabled (level 2),
(microtype)             stretch: 20, shrink: 20, step: 1, non-selected.
Package microtype Info: Using default expansion set `alltext-nott'.


LaTeX Warning: Command \showhyphens   has changed.
               Check if current package is valid.

LaTeX Info: Redefining \showhyphens on input line 75.
Package microtype Info: No adjustment of tracking.
Package microtype Info: No adjustment of interword spacing.
Package microtype Info: No adjustment of character kerning.
(D:\MikTek\tex/latex/microtype\mt-cmr.cfg
File: mt-cmr.cfg 2013/05/19 v2.2 microtype config. file: Computer Modern Roman (RS)
)
*geometry* driver: auto-detecting
*geometry* detected driver: pdftex
*geometry* verbose mode - [ preamble ] result:
* driver: pdftex
* paper: a4paper
* layout: <same size as paper>
* layoutoffset:(h,v)=(0.0pt,0.0pt)
* modes: 
* h-part:(L,W,R)=(72.26999pt, 452.9679pt, 72.26999pt)
* v-part:(T,H,B)=(72.26999pt, 700.50687pt, 72.26999pt)
* \paperwidth=597.50787pt
* \paperheight=845.04684pt
* \textwidth=452.9679pt
* \textheight=700.50687pt
* \oddsidemargin=0.0pt
* \evensidemargin=0.0pt
* \topmargin=-55.06749pt
* \headheight=12.0pt
* \headsep=43.06749pt
* \topskip=10.0pt
* \footskip=30.0pt
* \marginparwidth=5.05942pt
* \marginparsep=11.0pt
* \columnsep=10.0pt
* \skip\footins=9.0pt plus 4.0pt minus 2.0pt
* \hoffset=0.0pt
* \voffset=0.0pt
* \mag=1000
* \@twocolumnfalse
* \@twosidefalse
* \@mparswitchfalse
* \@reversemarginfalse
* (1in=72.27pt=25.4mm, 1cm=28.453pt)

Package caption Info: Begin \AtBeginDocument code.
Package caption Info: float package is loaded.
Package caption Info: sidecap package is loaded.
Package caption Info: End \AtBeginDocument code.
\c__nicematrix_shift_Ldots_last_row_dim=\dimen423
\c__nicematrix_shift_exterior_Vdots_dim=\dimen424
\c__nicematrix_innersep_middle_dim=\dimen425
\c@tabularnotesi=\count433
\enitdp@tabularnotes=\count434
\c@tabularnotes*i=\count435
\enitdp@tabularnotes*=\count436

Package pgfplots Warning: running in backwards compatibility mode (unsuitable tick labels; missing features). Consider writing \pgfplotsset{compat=1.18} into your preamble.
 on input line 75.

(D:\MikTek\tex/latex/ragged2e\ragged2e.sty
Package: ragged2e 2023/06/22 v3.6 ragged2e Package
\CenteringLeftskip=\skip110
\RaggedLeftLeftskip=\skip111
\RaggedRightLeftskip=\skip112
\CenteringRightskip=\skip113
\RaggedLeftRightskip=\skip114
\RaggedRightRightskip=\skip115
\CenteringParfillskip=\skip116
\RaggedLeftParfillskip=\skip117
\RaggedRightParfillskip=\skip118
\JustifyingParfillskip=\skip119
\CenteringParindent=\skip120
\RaggedLeftParindent=\skip121
\RaggedRightParindent=\skip122
\JustifyingParindent=\skip123
)
LaTeX Font Info:    Trying to load font information for U+msa on input line 88.
 (D:\MikTek\tex/latex/amsfonts\umsa.fd
File: umsa.fd 2013/01/14 v3.01 AMS symbols A
) (D:\MikTek\tex/latex/microtype\mt-msa.cfg
File: mt-msa.cfg 2006/02/04 v1.1 microtype config. file: AMS symbols (a) (RS)
)
LaTeX Font Info:    Trying to load font information for U+msb on input line 88.
 (D:\MikTek\tex/latex/amsfonts\umsb.fd
File: umsb.fd 2013/01/14 v3.01 AMS symbols B
) (D:\MikTek\tex/latex/microtype\mt-msb.cfg
File: mt-msb.cfg 2005/06/01 v1.0 microtype config. file: AMS symbols (b) (RS)
)
LaTeX Font Info:    Trying to load font information for U+stmry on input line 88.
 (D:\MikTek\tex/latex/stmaryrd\ustmry.fd)

Package microtype Info: Loading generic protrusion settings for font family
(microtype)             `cmtt' (encoding: T1).
(microtype)             For optimal results, create family-specific settings.
(microtype)             See the microtype manual for details.
[1

{C:/Users/Admin/AppData/Local/MiKTeX/fonts/map/pdftex/pdftex.map}{D:/MikTek/fonts/enc/dvips/cm-super/cm-super-t1.enc}{D:/MikTek/fonts/enc/dvips/cm-super/cm-super-ts1.enc}]
Package microtype Info: Loading generic protrusion settings for font family
(microtype)             `cmss' (encoding: T1).
(microtype)             For optimal results, create family-specific settings.
(microtype)             See the microtype manual for details.


[2]
Package hyperref Info: bookmark level for unknown assumption defaults to 0 on input line 131.


[3]
<media/g10.png, id=326, 384.0749pt x 142.5325pt>
File: media/g10.png Graphic file (type png)
<use media/g10.png>
Package pdftex.def Info: media/g10.png  used on input line 156.
(pdftex.def)             Requested size: 407.66833pt x 151.2925pt.


[4 <./media/g10.png>]

[5]

[6]
Underfull \hbox (badness 10000) in paragraph at lines 269--271

 []


Overfull \hbox (3.41884pt too wide) in paragraph at lines 273--274
[]\T1/cmr/m/it/10 (-20) Let $\OMS/cmsy/m/n/10 H$ \T1/cmr/m/it/10 (-20) be a fi-nite hy-poth-e-sis set. Then,
 []


Underfull \hbox (badness 10000) in paragraph at lines 279--281

 []



[7]
Overfull \hbox (7.18127pt too wide) in paragraph at lines 314--315
[]\T1/cmr/m/it/10 (-20) Let $\OMS/cmsy/m/n/10 C$ \T1/cmr/m/it/10 (-20) be a con-cept class,
 []


Underfull \hbox (badness 10000) in paragraph at lines 321--323

 []

LaTeX Font Info:    Trying to load font information for U+euf on input line 330.
(D:\MikTek\tex/latex/amsfonts\ueuf.fd
File: ueuf.fd 2013/01/14 v3.01 Euler Fraktur
) (D:\MikTek\tex/latex/microtype\mt-euf.cfg
File: mt-euf.cfg 2006/07/03 v1.1 microtype config. file: AMS Euler Fraktur (RS)
)

[8]
Package microtype Info: Loading generic protrusion settings for font family
(microtype)             `cmss' (encoding: OT1).
(microtype)             For optimal results, create family-specific settings.
(microtype)             See the microtype manual for details.


[9]
<media/error_decomposition.png, id=496, 174.1707pt x 87.4467pt>
File: media/error_decomposition.png Graphic file (type png)
<use media/error_decomposition.png>
Package pdftex.def Info: media/error_decomposition.png  used on input line 410.
(pdftex.def)             Requested size: 226.48395pt x 113.7207pt.

Underfull \hbox (badness 4242) in paragraph at lines 412--412
[][]\T1/cmr/m/n/10 (+20) : |\T1/cmr/bx/n/10 (+20) De-com-po-si-
 []



[10]

[11 <./media/error_decomposition.png>]
<pdf/u-shaped.pdf, id=547, 114.32813pt x 75.23106pt>
File: pdf/u-shaped.pdf Graphic file (type pdf)
<use pdf/u-shaped.pdf>
Package pdftex.def Info: pdf/u-shaped.pdf  used on input line 463.
(pdftex.def)             Requested size: 159.68494pt x 105.07175pt.
<pdf/doubledescent.pdf, id=548, 203.12387pt x 75.23106pt>
File: pdf/doubledescent.pdf Graphic file (type pdf)
<use pdf/doubledescent.pdf>
Package pdftex.def Info: pdf/doubledescent.pdf  used on input line 464.
(pdftex.def)             Requested size: 283.70819pt x 105.07175pt.

Overfull \hbox (14.42526pt too wide) in paragraph at lines 462--470
 [][] 
 []

<media/errorvscomplexity.png, id=558, 986.7264pt x 263.5446pt>
File: media/errorvscomplexity.png Graphic file (type png)
<use media/errorvscomplexity.png>
Package pdftex.def Info: media/errorvscomplexity.png  used on input line 485.
(pdftex.def)             Requested size: 475.61766pt x 127.03078pt.

Overfull \hbox (22.64977pt too wide) in paragraph at lines 485--500
 [][] 
 []

<media/Intro-ocean-test.png, id=563, 885.0666pt x 493.3632pt>
File: media/Intro-ocean-test.png Graphic file (type png)
<use media/Intro-ocean-test.png>
Package pdftex.def Info: media/Intro-ocean-test.png  used on input line 508.
(pdftex.def)             Requested size: 231.91656pt x 129.27264pt.
<media/Rn-cifar10-p15-adam-aug-train.png, id=564, 869.1672pt x 493.3632pt>
File: media/Rn-cifar10-p15-adam-aug-train.png Graphic file (type png)
<use media/Rn-cifar10-p15-adam-aug-train.png>
Package pdftex.def Info: media/Rn-cifar10-p15-adam-aug-train.png  used on input line 512.
(pdftex.def)             Requested size: 221.05132pt x 125.47095pt.
Package hyperref Info: bookmark level for unknown hypothesis defaults to 0 on input line 538.


[12 <./pdf/u-shaped.pdf> <./pdf/doubledescent.pdf>]

[13 <./media/errorvscomplexity.png> <./media/Intro-ocean-test.png> <./media/Rn-cifar10-p15-adam-aug-train.png>]

[14]
Underfull \hbox (badness 1043) in paragraph at lines 582--582
[]|\T1/cmr/m/n/9 (+20) Expressive com-plex-
 []


Underfull \hbox (badness 3219) in paragraph at lines 584--584
[]|\T1/cmr/m/n/9 (+20) Structural com-plex-
 []


Underfull \hbox (badness 2393) in paragraph at lines 590--590
[]|\T1/cmr/m/n/9 (+20) Sample space com-
 []


Underfull \hbox (badness 10000) in paragraph at lines 592--592
[]|\T1/cmr/m/n/9 (+20) Optimization com-
 []



[15

]

[16]

LaTeX Font Warning: Font shape `U/stmry/b/n' undefined
(Font)              using `U/stmry/m/n' instead on input line 617.

<pdf/VennFig2.pdf, id=689, 1824.8175pt x 527.9725pt>
File: pdf/VennFig2.pdf Graphic file (type pdf)
<use pdf/VennFig2.pdf>
Package pdftex.def Info: pdf/VennFig2.pdf  used on input line 638.
(pdftex.def)             Requested size: 452.9679pt x 131.05022pt.


[17]

[18 <./pdf/VennFig2.pdf>]
Overfull \hbox (0.84192pt too wide) detected at line 703
[]
 []



[19]
<media/Diagramatic_Modelling_View.png, id=890, 9144.1625pt x 5560.775pt>
File: media/Diagramatic_Modelling_View.png Graphic file (type png)
<use media/Diagramatic_Modelling_View.png>
Package pdftex.def Info: media/Diagramatic_Modelling_View.png  used on input line 716.
(pdftex.def)             Requested size: 317.07614pt x 192.7803pt.

Overfull \hbox (2.74521pt too wide) in paragraph at lines 725--726
[]\T1/cmr/m/n/10 (-20) Fundamentally, given the uni-vari-ate case, for a fi-nite sam-ple space $\OMS/cmsy/m/n/10 S[]$\T1/cmr/m/n/10 (-20) , of fixed range $\OT1/cmr/m/n/10 (-20) [\OML/cmm/m/it/10 a; b\OT1/cmr/m/n/10 (-20) ] = [[] \OML/cmm/m/it/10 s[]; [] s[]\OT1/cmr/m/n/10 (-20) ]$
 []



[20

 <./media/Diagramatic_Modelling_View.png>]
<media/double_descent_synthetic.png, id=901, 1610.015pt x 1385.175pt>
File: media/double_descent_synthetic.png Graphic file (type png)
<use media/double_descent_synthetic.png>
Package pdftex.def Info: media/double_descent_synthetic.png  used on input line 763.
(pdftex.def)             Requested size: 271.7835pt x 233.82802pt.


[21 <./media/double_descent_synthetic.png>]

[22]
<media/../pdf/theorem_1.pdf, id=919, 462.96765pt x 279.93083pt>
File: media/../pdf/theorem_1.pdf Graphic file (type pdf)
<use media/../pdf/theorem_1.pdf>
Package pdftex.def Info: media/../pdf/theorem_1.pdf  used on input line 810.
(pdftex.def)             Requested size: 362.37569pt x 219.11827pt.


[23

]
<media/../pdf/theorem_2.pdf, id=938, 462.96765pt x 267.93098pt>
File: media/../pdf/theorem_2.pdf Graphic file (type pdf)
<use media/../pdf/theorem_2.pdf>
Package pdftex.def Info: media/../pdf/theorem_2.pdf  used on input line 829.
(pdftex.def)             Requested size: 362.37569pt x 209.7253pt.


[24 <./media/../pdf/theorem_1.pdf> <./media/../pdf/theorem_2.pdf

pdfTeX warning: pdflatex (file ./media/../pdf/theorem_2.pdf): PDF inclusion: multiple pdfs with page group included in a single page
>]
<media/../pdf/theorem_3.pdf, id=1026, 462.96765pt x 269.35028pt>
File: media/../pdf/theorem_3.pdf Graphic file (type pdf)
<use media/../pdf/theorem_3.pdf>
Package pdftex.def Info: media/../pdf/theorem_3.pdf  used on input line 851.
(pdftex.def)             Requested size: 362.37569pt x 210.83627pt.
<media/img/dimensional_descent.png, id=1031, 792.9625pt x 491.8375pt>
File: media/img/dimensional_descent.png Graphic file (type png)
<use media/img/dimensional_descent.png>
Package pdftex.def Info: media/img/dimensional_descent.png  used on input line 857.
(pdftex.def)             Requested size: 271.7835pt x 168.5734pt.


[25 <./media/../pdf/theorem_3.pdf> <./media/img/dimensional_descent.png>]

LaTeX Warning: Command \textellipsis invalid in math mode on input line 902.



[26]
<media/../pdf/theorem_4_verify.pdf, id=1095, 462.96765pt x 356.13351pt>
File: media/../pdf/theorem_4_verify.pdf Graphic file (type pdf)
<use media/../pdf/theorem_4_verify.pdf>
Package pdftex.def Info: media/../pdf/theorem_4_verify.pdf  used on input line 912.
(pdftex.def)             Requested size: 362.37569pt x 278.7666pt.


[27 <./media/../pdf/theorem_4_verify.pdf>]

[28]

[29

]

[30]

Package hyperref Warning: Difference (2) between bookmark levels is greater 
(hyperref)                than one, level fixed on input line 955.



[31

] (main_jmlr.bbl
Underfull \hbox (badness 10000) in paragraph at lines 9--13
\T1/cmtt/m/n/10 semanticscholar . org / paper / A-[]Unifeid-[]Bias-[]Variance-[]Decomposition-[]and-[]its-[]Domingos /
 []


Underfull \hbox (badness 10000) in paragraph at lines 140--145
[]\T1/cmr/m/n/10 (+20) Pedro M. Domin-gos.  A Unifeid Bias-Variance De-com-po-si-tion and its Ap-
 []


Underfull \hbox (badness 10000) in paragraph at lines 140--145
\T1/cmr/m/n/10 (+20) pli-ca-tions.  In \T1/cmr/m/it/10 (+20) Se-man-tic Scholar\T1/cmr/m/n/10 (+20) , June 2000b.  URL [][]$\T1/cmtt/m/n/10 https : / / www .
 []


Underfull \hbox (badness 10000) in paragraph at lines 140--145
\T1/cmtt/m/n/10 semanticscholar . org / paper / A-[]Unifeid-[]Bias-[]Variance-[]Decomposition-[]and-[]its-[]Domingos /
 []



[32

]

[33]

[34])

[35]

Package hyperref Warning: Token not allowed in a PDF string (Unicode):
(hyperref)                removing `\begingroup' on input line 971.


Package hyperref Warning: Token not allowed in a PDF string (Unicode):
(hyperref)                removing `\<let>-command' on input line 971.


Package hyperref Warning: Token not allowed in a PDF string (Unicode):
(hyperref)                removing `\NAT@ctype' on input line 971.


Package hyperref Warning: Token not allowed in a PDF string (Unicode):
(hyperref)                removing `\z@' on input line 971.


Package hyperref Warning: Token not allowed in a PDF string (Unicode):
(hyperref)                removing `\let' on input line 971.


Package hyperref Warning: Token not allowed in a PDF string (Unicode):
(hyperref)                removing `\let' on input line 971.


Package hyperref Warning: Token not allowed in a PDF string (Unicode):
(hyperref)                removing `\new@ifnextchar' on input line 971.


Underfull \hbox (badness 10000) in paragraph at lines 1019--1022

 []



[36

]
Package hyperref Info: bookmark level for unknown col defaults to 0 on input line 1028.


LaTeX Warning: Reference `thm:minimalNeu' on page 37 undefined on input line 1050.


Underfull \hbox (badness 10000) in paragraph at lines 1070--1073

 []



[37]

[38]

[39]

[40]

[41]

[42]
Package hyperref Info: bookmark level for unknown assume defaults to 0 on input line 1344.


[43]
Package hyperref Info: bookmark level for unknown note defaults to 0 on input line 1382.


[44]

[45]

Package hyperref Warning: Token not allowed in a PDF string (Unicode):
(hyperref)                removing `\begingroup' on input line 1406.


Package hyperref Warning: Token not allowed in a PDF string (Unicode):
(hyperref)                removing `\<let>-command' on input line 1406.


Package hyperref Warning: Token not allowed in a PDF string (Unicode):
(hyperref)                removing `\NAT@ctype' on input line 1406.


Package hyperref Warning: Token not allowed in a PDF string (Unicode):
(hyperref)                removing `\z@' on input line 1406.


Package hyperref Warning: Token not allowed in a PDF string (Unicode):
(hyperref)                removing `\let' on input line 1406.


Package hyperref Warning: Token not allowed in a PDF string (Unicode):
(hyperref)                removing `\let' on input line 1406.


Package hyperref Warning: Token not allowed in a PDF string (Unicode):
(hyperref)                removing `\new@ifnextchar' on input line 1406.


pdfTeX warning (ext4): destination with the same identifier (name{col.1}) has been already used, duplicate ignored
<to be read again> 
                   \relax 
l.1429     L
            et $\mathcal{X}$ be an infinite domain, and let $\mathcal{H}$ be...
Underfull \hbox (badness 10000) in paragraph at lines 1432--1435

 []



[46

]

[47

]

[48] 
enddocument/afterlastpage (AED): lastpage setting LastPage.
(main_jmlr.aux)
 ***********
LaTeX2e <2025-06-01>
L3 programming layer <2025-05-26>
 ***********


LaTeX Font Warning: Some font shapes were not available, defaults substituted.


LaTeX Warning: There were undefined references.

Package rerunfilecheck Info: File `main_jmlr.out' has not changed.
(rerunfilecheck)             Checksum: 6E9BD6188DD3B4A26AF6FF1FBF9A5199;6461.
 ) 
Here is how much of TeX's memory you used:
 64368 strings out of 468187
 1576083 string characters out of 5448667
 2404091 words of memory out of 5000000
 91247 multiletter control sequences out of 15000+600000
 679970 words of font info for 379 fonts, out of 8000000 for 9000
 1141 hyphenation exceptions out of 8191
 103i,25n,108p,2177b,957s stack positions out of 10000i,1000n,20000p,200000b,200000s
<D:/MikTek/fonts/type1/public/amsfonts/cm/cmbsy10.pfb><D:/MikTek/fonts/type1/public/amsfonts/cmextra/cmbsy7.pfb><D:/MikTek/fonts/type1/public/amsfonts/cm/cmbx10.pfb><D:/MikTek/fonts/type1/public/amsfonts/cm/cmbx7.pfb><D:/MikTek/fonts/type1/public/amsfonts/cm/cmex10.pfb><D:/MikTek/fonts/type1/public/amsfonts/cmextra/cmex8.pfb><D:/MikTek/fonts/type1/public/amsfonts/cm/cmmi10.pfb><D:/MikTek/fonts/type1/public/amsfonts/cm/cmmi5.pfb><D:/MikTek/fonts/type1/public/amsfonts/cm/cmmi6.pfb><D:/MikTek/fonts/type1/public/amsfonts/cm/cmmi7.pfb><D:/MikTek/fonts/type1/public/amsfonts/cm/cmmi8.pfb><D:/MikTek/fonts/type1/public/amsfonts/cm/cmmi9.pfb><D:/MikTek/fonts/type1/public/amsfonts/cm/cmmib10.pfb><D:/MikTek/fonts/type1/public/amsfonts/cmextra/cmmib7.pfb><D:/MikTek/fonts/type1/public/amsfonts/cm/cmr10.pfb><D:/MikTek/fonts/type1/public/amsfonts/cm/cmr5.pfb><D:/MikTek/fonts/type1/public/amsfonts/cm/cmr6.pfb><D:/MikTek/fonts/type1/public/amsfonts/cm/cmr7.pfb><D:/MikTek/fonts/type1/public/amsfonts/cm/cmr8.pfb><D:/MikTek/fonts/type1/public/amsfonts/cm/cmr9.pfb><D:/MikTek/fonts/type1/public/amsfonts/cm/cmss10.pfb><D:/MikTek/fonts/type1/public/amsfonts/cm/cmss9.pfb><D:/MikTek/fonts/type1/public/amsfonts/cm/cmsy10.pfb><D:/MikTek/fonts/type1/public/amsfonts/cm/cmsy5.pfb><D:/MikTek/fonts/type1/public/amsfonts/cm/cmsy6.pfb><D:/MikTek/fonts/type1/public/amsfonts/cm/cmsy7.pfb><D:/MikTek/fonts/type1/public/amsfonts/cm/cmsy8.pfb><D:/MikTek/fonts/type1/public/amsfonts/cm/cmsy9.pfb><D:/MikTek/fonts/type1/public/amsfonts/euler/eufm10.pfb><D:/MikTek/fonts/type1/public/amsfonts/symbols/msam10.pfb><D:/MikTek/fonts/type1/public/amsfonts/symbols/msam7.pfb><D:/MikTek/fonts/type1/public/amsfonts/symbols/msbm10.pfb><D:/MikTek/fonts/type1/public/amsfonts/symbols/msbm7.pfb><D:/MikTek/fonts/type1/public/cm-super/sfbi1000.pfb><D:/MikTek/fonts/type1/public/cm-super/sfbx0800.pfb><D:/MikTek/fonts/type1/public/cm-super/sfbx0900.pfb><D:/MikTek/fonts/type1/public/cm-super/sfbx1000.pfb><D:/MikTek/fonts/type1/public/cm-super/sfbx1200.pfb><D:/MikTek/fonts/type1/public/cm-super/sfbx1440.pfb><D:/MikTek/fonts/type1/public/cm-super/sfcc0700.pfb><D:/MikTek/fonts/type1/public/cm-super/sfcc0900.pfb><D:/MikTek/fonts/type1/public/cm-super/sfcc1000.pfb><D:/MikTek/fonts/type1/public/cm-super/sfrm0700.pfb><D:/MikTek/fonts/type1/public/cm-super/sfrm0800.pfb><D:/MikTek/fonts/type1/public/cm-super/sfrm0900.pfb><D:/MikTek/fonts/type1/public/cm-super/sfrm1000.pfb><D:/MikTek/fonts/type1/public/cm-super/sfrm1200.pfb><D:/MikTek/fonts/type1/public/cm-super/sfss1000.pfb><D:/MikTek/fonts/type1/public/cm-super/sfti0700.pfb><D:/MikTek/fonts/type1/public/cm-super/sfti0800.pfb><D:/MikTek/fonts/type1/public/cm-super/sfti0900.pfb><D:/MikTek/fonts/type1/public/cm-super/sfti1000.pfb><D:/MikTek/fonts/type1/public/cm-super/sftt0800.pfb><D:/MikTek/fonts/type1/public/cm-super/sftt1000.pfb><D:/MikTek/fonts/type1/public/hoekwater/stmary10.pfb><D:/MikTek/fonts/type1/public/hoekwater/stmary7.pfb>
Output written on main_jmlr.pdf (48 pages, 6893608 bytes).
PDF statistics:
 1718 PDF objects out of 1728 (max. 8388607)
 322 named destinations out of 1000 (max. 500000)
 89472 words of extra memory for PDF output out of 106986 (max. 10000000)

