This is pdfTeX, Version 3.141592653-2.6-1.40.27 (MiKTeX 25.4) (preloaded format=pdflatex 2025.6.17)  15 SEP 2025 16:56
entering extended mode
 restricted \write18 enabled.
 file:line:error style messages enabled.
 %&-line parsing enabled.
**"e:/Code Repository/Paper Series/proposal1/proposal1.tex"
(e:/Code Repository/Paper Series/proposal1/proposal1.tex
LaTeX2e <2025-06-01>
L3 programming layer <2025-05-26>
(iopjournal.cls
Document Class: iopjournal 2024/01/31 IOP Publishing journal article LaTeX template
(D:\MikTek\tex/latex/fancyhdr\fancyhdr.sty
Package: fancyhdr 2025/02/07 v5.2 Extensive control of page headers and footers
\f@nch@headwidth=\skip49
\f@nch@offset@elh=\skip50
\f@nch@offset@erh=\skip51
\f@nch@offset@olh=\skip52
\f@nch@offset@orh=\skip53
\f@nch@offset@elf=\skip54
\f@nch@offset@erf=\skip55
\f@nch@offset@olf=\skip56
\f@nch@offset@orf=\skip57
\f@nch@height=\skip58
\f@nch@footalignment=\skip59
\f@nch@widthL=\skip60
\f@nch@widthC=\skip61
\f@nch@widthR=\skip62
\@temptokenb=\toks17
) (D:\MikTek\tex/latex/xcolor\xcolor.sty
Package: xcolor 2024/09/29 v3.02 LaTeX color extensions (UK)
 (D:\MikTek\tex/latex/graphics-cfg\color.cfg
File: color.cfg 2016/01/02 v1.6 sample color configuration
)
Package xcolor Info: Driver file: pdftex.def on input line 274.
 (D:\MikTek\tex/latex/graphics-def\pdftex.def
File: pdftex.def 2024/04/13 v1.2c Graphics/color driver for pdftex
) (D:\MikTek\tex/latex/graphics\mathcolor.ltx)
Package xcolor Info: Model `cmy' substituted by `cmy0' on input line 1349.
Package xcolor Info: Model `hsb' substituted by `rgb' on input line 1353.
Package xcolor Info: Model `RGB' extended on input line 1365.
Package xcolor Info: Model `HTML' substituted by `rgb' on input line 1367.
Package xcolor Info: Model `Hsb' substituted by `hsb' on input line 1368.
Package xcolor Info: Model `tHsb' substituted by `hsb' on input line 1369.
Package xcolor Info: Model `HSB' substituted by `hsb' on input line 1370.
Package xcolor Info: Model `Gray' substituted by `gray' on input line 1371.
Package xcolor Info: Model `wave' substituted by `hsb' on input line 1372.
) (D:\MikTek\tex/latex/graphics\graphicx.sty
Package: graphicx 2024/12/31 v1.2e Enhanced LaTeX Graphics (DPC,SPQR)
 (D:\MikTek\tex/latex/graphics\keyval.sty
Package: keyval 2022/05/29 v1.15 key=value parser (DPC)
\KV@toks@=\toks18
) (D:\MikTek\tex/latex/graphics\graphics.sty
Package: graphics 2024/08/06 v1.4g Standard LaTeX Graphics (DPC,SPQR)
 (D:\MikTek\tex/latex/graphics\trig.sty
Package: trig 2023/12/02 v1.11 sin cos tan (DPC)
) (D:\MikTek\tex/latex/graphics-cfg\graphics.cfg
File: graphics.cfg 2016/06/04 v1.11 sample graphics configuration
)
Package graphics Info: Driver file: pdftex.def on input line 106.
)
\Gin@req@height=\dimen148
\Gin@req@width=\dimen149
) (D:\MikTek\tex/latex/base\article.cls
Document Class: article 2025/01/22 v1.4n Standard LaTeX document class
(D:\MikTek\tex/latex/base\size10.clo
File: size10.clo 2025/01/22 v1.4n Standard LaTeX file (size option)
)
\c@part=\count275
\c@section=\count276
\c@subsection=\count277
\c@subsubsection=\count278
\c@paragraph=\count279
\c@subparagraph=\count280
\c@figure=\count281
\c@table=\count282
\abovecaptionskip=\skip63
\belowcaptionskip=\skip64
\bibindent=\dimen150
) (D:\MikTek\tex/latex/hyperref\hyperref.sty
Package: hyperref 2025-05-20 v7.01m Hypertext links for LaTeX
 (D:\MikTek\tex/generic/iftex\iftex.sty
Package: iftex 2024/12/12 v1.0g TeX engine tests
) (D:\MikTek\tex/latex/kvsetkeys\kvsetkeys.sty
Package: kvsetkeys 2022-10-05 v1.19 Key value parser (HO)
) (D:\MikTek\tex/generic/kvdefinekeys\kvdefinekeys.sty
Package: kvdefinekeys 2019-12-19 v1.6 Define keys (HO)
) (D:\MikTek\tex/generic/pdfescape\pdfescape.sty
Package: pdfescape 2019/12/09 v1.15 Implements pdfTeX's escape features (HO)
 (D:\MikTek\tex/generic/ltxcmds\ltxcmds.sty
Package: ltxcmds 2023-12-04 v1.26 LaTeX kernel commands for general use (HO)
) (D:\MikTek\tex/generic/pdftexcmds\pdftexcmds.sty
Package: pdftexcmds 2020-06-27 v0.33 Utility functions of pdfTeX for LuaTeX (HO)
 (D:\MikTek\tex/generic/infwarerr\infwarerr.sty
Package: infwarerr 2019/12/03 v1.5 Providing info/warning/error messages (HO)
)
Package pdftexcmds Info: \pdf@primitive is available.
Package pdftexcmds Info: \pdf@ifprimitive is available.
Package pdftexcmds Info: \pdfdraftmode found.
)) (D:\MikTek\tex/latex/hycolor\hycolor.sty
Package: hycolor 2020-01-27 v1.10 Color options for hyperref/bookmark (HO)
) (D:\MikTek\tex/latex/hyperref\nameref.sty
Package: nameref 2023-11-26 v2.56 Cross-referencing by name of section
 (D:\MikTek\tex/latex/refcount\refcount.sty
Package: refcount 2019/12/15 v3.6 Data extraction from label references (HO)
) (D:\MikTek\tex/generic/gettitlestring\gettitlestring.sty
Package: gettitlestring 2019/12/15 v1.6 Cleanup title references (HO)
 (D:\MikTek\tex/latex/kvoptions\kvoptions.sty
Package: kvoptions 2022-06-15 v3.15 Key value format for package options (HO)
))
\c@section@level=\count283
) (D:\MikTek\tex/latex/etoolbox\etoolbox.sty
Package: etoolbox 2025/02/11 v2.5l e-TeX tools for LaTeX (JAW)
\etb@tempcnta=\count284
) (D:\MikTek\tex/generic/stringenc\stringenc.sty
Package: stringenc 2019/11/29 v1.12 Convert strings between diff. encodings (HO)
)
\@linkdim=\dimen151
\Hy@linkcounter=\count285
\Hy@pagecounter=\count286
 (D:\MikTek\tex/latex/hyperref\pd1enc.def
File: pd1enc.def 2025-05-20 v7.01m Hyperref: PDFDocEncoding definition (HO)
Now handling font encoding PD1 ...
... no UTF-8 mapping file for font encoding PD1
) (D:\MikTek\tex/generic/intcalc\intcalc.sty
Package: intcalc 2019/12/15 v1.3 Expandable calculations with integers (HO)
)
\Hy@SavedSpaceFactor=\count287
 (D:\MikTek\tex/latex/hyperref\puenc.def
File: puenc.def 2025-05-20 v7.01m Hyperref: PDF Unicode definition (HO)
Now handling font encoding PU ...
... no UTF-8 mapping file for font encoding PU
)
Package hyperref Info: Option `colorlinks' set `true' on input line 4040.
Package hyperref Info: Hyper figures OFF on input line 4157.
Package hyperref Info: Link nesting OFF on input line 4162.
Package hyperref Info: Hyper index ON on input line 4165.
Package hyperref Info: Plain pages OFF on input line 4172.
Package hyperref Info: Backreferencing OFF on input line 4177.
Package hyperref Info: Implicit mode ON; LaTeX internals redefined.
Package hyperref Info: Bookmarks ON on input line 4424.
\c@Hy@tempcnt=\count288
 (D:\MikTek\tex/latex/url\url.sty
\Urlmuskip=\muskip17
Package: url 2013/09/16  ver 3.4  Verb mode for urls, etc.
)
LaTeX Info: Redefining \url on input line 4763.
\XeTeXLinkMargin=\dimen152
 (D:\MikTek\tex/generic/bitset\bitset.sty
Package: bitset 2019/12/09 v1.3 Handle bit-vector datatype (HO)
 (D:\MikTek\tex/generic/bigintcalc\bigintcalc.sty
Package: bigintcalc 2019/12/15 v1.5 Expandable calculations on big integers (HO)
))
\Fld@menulength=\count289
\Field@Width=\dimen153
\Fld@charsize=\dimen154
Package hyperref Info: Hyper figures OFF on input line 6042.
Package hyperref Info: Link nesting OFF on input line 6047.
Package hyperref Info: Hyper index ON on input line 6050.
Package hyperref Info: backreferencing OFF on input line 6057.
Package hyperref Info: Link coloring ON on input line 6060.
Package hyperref Info: Link coloring with OCG OFF on input line 6067.
Package hyperref Info: PDF/A mode OFF on input line 6072.
 (D:\MikTek\tex/latex/base\atbegshi-ltx.sty
Package: atbegshi-ltx 2021/01/10 v1.0c Emulation of the original atbegshi
package with kernel methods
)
\Hy@abspage=\count290
\c@Item=\count291
\c@Hfootnote=\count292
)
Package hyperref Info: Driver (autodetected): hpdftex.
 (D:\MikTek\tex/latex/hyperref\hpdftex.def
File: hpdftex.def 2025-05-20 v7.01m Hyperref driver for pdfTeX
\Fld@listcount=\count293
\c@bookmark@seq@number=\count294
 (D:\MikTek\tex/latex/rerunfilecheck\rerunfilecheck.sty
Package: rerunfilecheck 2022-07-10 v1.10 Rerun checks for auxiliary files (HO)
 (D:\MikTek\tex/latex/base\atveryend-ltx.sty
Package: atveryend-ltx 2020/08/19 v1.0a Emulation of the original atveryend package
with kernel methods
) (D:\MikTek\tex/generic/uniquecounter\uniquecounter.sty
Package: uniquecounter 2019/12/15 v1.4 Provide unlimited unique counter (HO)
)
Package uniquecounter Info: New unique counter `rerunfilecheck' on input line 285.
)
\Hy@SectionHShift=\skip65
)) (preamble.tex (D:\MikTek\tex/latex/titlesec\titlesec.sty
Package: titlesec 2025/01/04 v2.17 Sectioning titles
\ttl@box=\box53
\beforetitleunit=\skip66
\aftertitleunit=\skip67
\ttl@plus=\dimen155
\ttl@minus=\dimen156
\ttl@toksa=\toks19
\titlewidth=\dimen157
\titlewidthlast=\dimen158
\titlewidthfirst=\dimen159
) (D:\MikTek\tex/latex/amsmath\amsbsy.sty
Package: amsbsy 1999/11/29 v1.2d Bold Symbols
 (D:\MikTek\tex/latex/amsmath\amsgen.sty
File: amsgen.sty 1999/11/30 v2.0 generic functions
\@emptytoks=\toks20
\ex@=\dimen160
)
\pmbraise@=\dimen161
) (D:\MikTek\tex/latex/amsfonts\amssymb.sty
Package: amssymb 2013/01/14 v3.01 AMS font symbols
 (D:\MikTek\tex/latex/amsfonts\amsfonts.sty
Package: amsfonts 2013/01/14 v3.01 Basic AMSFonts support
\symAMSa=\mathgroup4
\symAMSb=\mathgroup5
LaTeX Font Info:    Redeclaring math symbol \hbar on input line 98.
LaTeX Font Info:    Overwriting math alphabet `\mathfrak' in version `bold'
(Font)                  U/euf/m/n --> U/euf/b/n on input line 106.
)) (D:\MikTek\tex/latex/amsmath\amsmath.sty
Package: amsmath 2025/05/18 v2.17x AMS math features
\@mathmargin=\skip68

For additional information on amsmath, use the `?' option.
(D:\MikTek\tex/latex/amsmath\amstext.sty
Package: amstext 2024/11/17 v2.01 AMS text
) (D:\MikTek\tex/latex/amsmath\amsopn.sty
Package: amsopn 2022/04/08 v2.04 operator names
)
\inf@bad=\count295
LaTeX Info: Redefining \frac on input line 233.
\uproot@=\count296
\leftroot@=\count297
LaTeX Info: Redefining \overline on input line 398.
LaTeX Info: Redefining \colon on input line 409.
\classnum@=\count298
\DOTSCASE@=\count299
LaTeX Info: Redefining \ldots on input line 495.
LaTeX Info: Redefining \dots on input line 498.
LaTeX Info: Redefining \cdots on input line 619.
\Mathstrutbox@=\box54
\strutbox@=\box55
LaTeX Info: Redefining \big on input line 721.
LaTeX Info: Redefining \Big on input line 722.
LaTeX Info: Redefining \bigg on input line 723.
LaTeX Info: Redefining \Bigg on input line 724.
\big@size=\dimen162
LaTeX Font Info:    Redeclaring font encoding OML on input line 742.
LaTeX Font Info:    Redeclaring font encoding OMS on input line 743.
\macc@depth=\count300
LaTeX Info: Redefining \bmod on input line 904.
LaTeX Info: Redefining \pmod on input line 909.
LaTeX Info: Redefining \smash on input line 939.
LaTeX Info: Redefining \relbar on input line 969.
LaTeX Info: Redefining \Relbar on input line 970.
\c@MaxMatrixCols=\count301
\dotsspace@=\muskip18
\c@parentequation=\count302
\dspbrk@lvl=\count303
\tag@help=\toks21
\row@=\count304
\column@=\count305
\maxfields@=\count306
\andhelp@=\toks22
\eqnshift@=\dimen163
\alignsep@=\dimen164
\tagshift@=\dimen165
\tagwidth@=\dimen166
\totwidth@=\dimen167
\lineht@=\dimen168
\@envbody=\toks23
\multlinegap=\skip69
\multlinetaggap=\skip70
\mathdisplay@stack=\toks24
LaTeX Info: Redefining \[ on input line 2949.
LaTeX Info: Redefining \] on input line 2950.
) (D:\MikTek\tex/latex/amscls\amsthm.sty
Package: amsthm 2020/05/29 v2.20.6
\thm@style=\toks25
\thm@bodyfont=\toks26
\thm@headfont=\toks27
\thm@notefont=\toks28
\thm@headpunct=\toks29
\thm@preskip=\skip71
\thm@postskip=\skip72
\thm@headsep=\skip73
\dth@everypar=\toks30
) (D:\MikTek\tex/latex/tikz-cd\tikz-cd.sty
Package: tikz-cd 2021/05/04 v1.0 Commutative diagrams with TikZ
 (D:\MikTek\tex/latex/pgf/frontendlayer\tikz.sty (D:\MikTek\tex/latex/pgf/basiclayer\pgf.sty (D:\MikTek\tex/latex/pgf/utilities\pgfrcs.sty (D:\MikTek\tex/generic/pgf/utilities\pgfutil-common.tex
\pgfutil@everybye=\toks31
\pgfutil@tempdima=\dimen169
\pgfutil@tempdimb=\dimen170
) (D:\MikTek\tex/generic/pgf/utilities\pgfutil-latex.def
\pgfutil@abb=\box56
) (D:\MikTek\tex/generic/pgf/utilities\pgfrcs.code.tex (D:\MikTek\tex/generic/pgf\pgf.revision.tex)
Package: pgfrcs 2023-01-15 v3.1.10 (3.1.10)
))
Package: pgf 2023-01-15 v3.1.10 (3.1.10)
 (D:\MikTek\tex/latex/pgf/basiclayer\pgfcore.sty (D:\MikTek\tex/latex/pgf/systemlayer\pgfsys.sty (D:\MikTek\tex/generic/pgf/systemlayer\pgfsys.code.tex
Package: pgfsys 2023-01-15 v3.1.10 (3.1.10)
 (D:\MikTek\tex/generic/pgf/utilities\pgfkeys.code.tex
\pgfkeys@pathtoks=\toks32
\pgfkeys@temptoks=\toks33
 (D:\MikTek\tex/generic/pgf/utilities\pgfkeyslibraryfiltered.code.tex
\pgfkeys@tmptoks=\toks34
))
\pgf@x=\dimen171
\pgf@y=\dimen172
\pgf@xa=\dimen173
\pgf@ya=\dimen174
\pgf@xb=\dimen175
\pgf@yb=\dimen176
\pgf@xc=\dimen177
\pgf@yc=\dimen178
\pgf@xd=\dimen179
\pgf@yd=\dimen180
\w@pgf@writea=\write3
\r@pgf@reada=\read2
\c@pgf@counta=\count307
\c@pgf@countb=\count308
\c@pgf@countc=\count309
\c@pgf@countd=\count310
\t@pgf@toka=\toks35
\t@pgf@tokb=\toks36
\t@pgf@tokc=\toks37
\pgf@sys@id@count=\count311
 (D:\MikTek\tex/generic/pgf/systemlayer\pgf.cfg
File: pgf.cfg 2023-01-15 v3.1.10 (3.1.10)
)
Driver file for pgf: pgfsys-pdftex.def
 (D:\MikTek\tex/generic/pgf/systemlayer\pgfsys-pdftex.def
File: pgfsys-pdftex.def 2023-01-15 v3.1.10 (3.1.10)
 (D:\MikTek\tex/generic/pgf/systemlayer\pgfsys-common-pdf.def
File: pgfsys-common-pdf.def 2023-01-15 v3.1.10 (3.1.10)
))) (D:\MikTek\tex/generic/pgf/systemlayer\pgfsyssoftpath.code.tex
File: pgfsyssoftpath.code.tex 2023-01-15 v3.1.10 (3.1.10)
\pgfsyssoftpath@smallbuffer@items=\count312
\pgfsyssoftpath@bigbuffer@items=\count313
) (D:\MikTek\tex/generic/pgf/systemlayer\pgfsysprotocol.code.tex
File: pgfsysprotocol.code.tex 2023-01-15 v3.1.10 (3.1.10)
)) (D:\MikTek\tex/generic/pgf/basiclayer\pgfcore.code.tex
Package: pgfcore 2023-01-15 v3.1.10 (3.1.10)
 (D:\MikTek\tex/generic/pgf/math\pgfmath.code.tex (D:\MikTek\tex/generic/pgf/math\pgfmathutil.code.tex) (D:\MikTek\tex/generic/pgf/math\pgfmathparser.code.tex
\pgfmath@dimen=\dimen181
\pgfmath@count=\count314
\pgfmath@box=\box57
\pgfmath@toks=\toks38
\pgfmath@stack@operand=\toks39
\pgfmath@stack@operation=\toks40
) (D:\MikTek\tex/generic/pgf/math\pgfmathfunctions.code.tex) (D:\MikTek\tex/generic/pgf/math\pgfmathfunctions.basic.code.tex) (D:\MikTek\tex/generic/pgf/math\pgfmathfunctions.trigonometric.code.tex) (D:\MikTek\tex/generic/pgf/math\pgfmathfunctions.random.code.tex) (D:\MikTek\tex/generic/pgf/math\pgfmathfunctions.comparison.code.tex) (D:\MikTek\tex/generic/pgf/math\pgfmathfunctions.base.code.tex) (D:\MikTek\tex/generic/pgf/math\pgfmathfunctions.round.code.tex) (D:\MikTek\tex/generic/pgf/math\pgfmathfunctions.misc.code.tex) (D:\MikTek\tex/generic/pgf/math\pgfmathfunctions.integerarithmetics.code.tex) (D:\MikTek\tex/generic/pgf/math\pgfmathcalc.code.tex) (D:\MikTek\tex/generic/pgf/math\pgfmathfloat.code.tex
\c@pgfmathroundto@lastzeros=\count315
)) (D:\MikTek\tex/generic/pgf/math\pgfint.code.tex) (D:\MikTek\tex/generic/pgf/basiclayer\pgfcorepoints.code.tex
File: pgfcorepoints.code.tex 2023-01-15 v3.1.10 (3.1.10)
\pgf@picminx=\dimen182
\pgf@picmaxx=\dimen183
\pgf@picminy=\dimen184
\pgf@picmaxy=\dimen185
\pgf@pathminx=\dimen186
\pgf@pathmaxx=\dimen187
\pgf@pathminy=\dimen188
\pgf@pathmaxy=\dimen189
\pgf@xx=\dimen190
\pgf@xy=\dimen191
\pgf@yx=\dimen192
\pgf@yy=\dimen193
\pgf@zx=\dimen194
\pgf@zy=\dimen195
) (D:\MikTek\tex/generic/pgf/basiclayer\pgfcorepathconstruct.code.tex
File: pgfcorepathconstruct.code.tex 2023-01-15 v3.1.10 (3.1.10)
\pgf@path@lastx=\dimen196
\pgf@path@lasty=\dimen197
) (D:\MikTek\tex/generic/pgf/basiclayer\pgfcorepathusage.code.tex
File: pgfcorepathusage.code.tex 2023-01-15 v3.1.10 (3.1.10)
\pgf@shorten@end@additional=\dimen198
\pgf@shorten@start@additional=\dimen199
) (D:\MikTek\tex/generic/pgf/basiclayer\pgfcorescopes.code.tex
File: pgfcorescopes.code.tex 2023-01-15 v3.1.10 (3.1.10)
\pgfpic=\box58
\pgf@hbox=\box59
\pgf@layerbox@main=\box60
\pgf@picture@serial@count=\count316
) (D:\MikTek\tex/generic/pgf/basiclayer\pgfcoregraphicstate.code.tex
File: pgfcoregraphicstate.code.tex 2023-01-15 v3.1.10 (3.1.10)
\pgflinewidth=\dimen256
) (D:\MikTek\tex/generic/pgf/basiclayer\pgfcoretransformations.code.tex
File: pgfcoretransformations.code.tex 2023-01-15 v3.1.10 (3.1.10)
\pgf@pt@x=\dimen257
\pgf@pt@y=\dimen258
\pgf@pt@temp=\dimen259
) (D:\MikTek\tex/generic/pgf/basiclayer\pgfcorequick.code.tex
File: pgfcorequick.code.tex 2023-01-15 v3.1.10 (3.1.10)
) (D:\MikTek\tex/generic/pgf/basiclayer\pgfcoreobjects.code.tex
File: pgfcoreobjects.code.tex 2023-01-15 v3.1.10 (3.1.10)
) (D:\MikTek\tex/generic/pgf/basiclayer\pgfcorepathprocessing.code.tex
File: pgfcorepathprocessing.code.tex 2023-01-15 v3.1.10 (3.1.10)
) (D:\MikTek\tex/generic/pgf/basiclayer\pgfcorearrows.code.tex
File: pgfcorearrows.code.tex 2023-01-15 v3.1.10 (3.1.10)
\pgfarrowsep=\dimen260
) (D:\MikTek\tex/generic/pgf/basiclayer\pgfcoreshade.code.tex
File: pgfcoreshade.code.tex 2023-01-15 v3.1.10 (3.1.10)
\pgf@max=\dimen261
\pgf@sys@shading@range@num=\count317
\pgf@shadingcount=\count318
) (D:\MikTek\tex/generic/pgf/basiclayer\pgfcoreimage.code.tex
File: pgfcoreimage.code.tex 2023-01-15 v3.1.10 (3.1.10)
) (D:\MikTek\tex/generic/pgf/basiclayer\pgfcoreexternal.code.tex
File: pgfcoreexternal.code.tex 2023-01-15 v3.1.10 (3.1.10)
\pgfexternal@startupbox=\box61
) (D:\MikTek\tex/generic/pgf/basiclayer\pgfcorelayers.code.tex
File: pgfcorelayers.code.tex 2023-01-15 v3.1.10 (3.1.10)
) (D:\MikTek\tex/generic/pgf/basiclayer\pgfcoretransparency.code.tex
File: pgfcoretransparency.code.tex 2023-01-15 v3.1.10 (3.1.10)
) (D:\MikTek\tex/generic/pgf/basiclayer\pgfcorepatterns.code.tex
File: pgfcorepatterns.code.tex 2023-01-15 v3.1.10 (3.1.10)
) (D:\MikTek\tex/generic/pgf/basiclayer\pgfcorerdf.code.tex
File: pgfcorerdf.code.tex 2023-01-15 v3.1.10 (3.1.10)
))) (D:\MikTek\tex/generic/pgf/modules\pgfmoduleshapes.code.tex
File: pgfmoduleshapes.code.tex 2023-01-15 v3.1.10 (3.1.10)
\pgfnodeparttextbox=\box62
) (D:\MikTek\tex/generic/pgf/modules\pgfmoduleplot.code.tex
File: pgfmoduleplot.code.tex 2023-01-15 v3.1.10 (3.1.10)
) (D:\MikTek\tex/latex/pgf/compatibility\pgfcomp-version-0-65.sty
Package: pgfcomp-version-0-65 2023-01-15 v3.1.10 (3.1.10)
\pgf@nodesepstart=\dimen262
\pgf@nodesepend=\dimen263
) (D:\MikTek\tex/latex/pgf/compatibility\pgfcomp-version-1-18.sty
Package: pgfcomp-version-1-18 2023-01-15 v3.1.10 (3.1.10)
)) (D:\MikTek\tex/latex/pgf/utilities\pgffor.sty (D:\MikTek\tex/latex/pgf/utilities\pgfkeys.sty (D:\MikTek\tex/generic/pgf/utilities\pgfkeys.code.tex)) (D:\MikTek\tex/latex/pgf/math\pgfmath.sty (D:\MikTek\tex/generic/pgf/math\pgfmath.code.tex)) (D:\MikTek\tex/generic/pgf/utilities\pgffor.code.tex
Package: pgffor 2023-01-15 v3.1.10 (3.1.10)
\pgffor@iter=\dimen264
\pgffor@skip=\dimen265
\pgffor@stack=\toks41
\pgffor@toks=\toks42
)) (D:\MikTek\tex/generic/pgf/frontendlayer/tikz\tikz.code.tex
Package: tikz 2023-01-15 v3.1.10 (3.1.10)
 (D:\MikTek\tex/generic/pgf/libraries\pgflibraryplothandlers.code.tex
File: pgflibraryplothandlers.code.tex 2023-01-15 v3.1.10 (3.1.10)
\pgf@plot@mark@count=\count319
\pgfplotmarksize=\dimen266
)
\tikz@lastx=\dimen267
\tikz@lasty=\dimen268
\tikz@lastxsaved=\dimen269
\tikz@lastysaved=\dimen270
\tikz@lastmovetox=\dimen271
\tikz@lastmovetoy=\dimen272
\tikzleveldistance=\dimen273
\tikzsiblingdistance=\dimen274
\tikz@figbox=\box63
\tikz@figbox@bg=\box64
\tikz@tempbox=\box65
\tikz@tempbox@bg=\box66
\tikztreelevel=\count320
\tikznumberofchildren=\count321
\tikznumberofcurrentchild=\count322
\tikz@fig@count=\count323
 (D:\MikTek\tex/generic/pgf/modules\pgfmodulematrix.code.tex
File: pgfmodulematrix.code.tex 2023-01-15 v3.1.10 (3.1.10)
\pgfmatrixcurrentrow=\count324
\pgfmatrixcurrentcolumn=\count325
\pgf@matrix@numberofcolumns=\count326
)
\tikz@expandcount=\count327
 (D:\MikTek\tex/generic/pgf/frontendlayer/tikz/libraries\tikzlibrarytopaths.code.tex
File: tikzlibrarytopaths.code.tex 2023-01-15 v3.1.10 (3.1.10)
))) (D:\MikTek\tex/latex/tikz-cd\tikzlibrarycd.code.tex (D:\MikTek\tex/generic/pgf/frontendlayer/tikz/libraries\tikzlibrarymatrix.code.tex
File: tikzlibrarymatrix.code.tex 2023-01-15 v3.1.10 (3.1.10)
) (D:\MikTek\tex/generic/pgf/frontendlayer/tikz/libraries\tikzlibraryquotes.code.tex
File: tikzlibraryquotes.code.tex 2023-01-15 v3.1.10 (3.1.10)
) (D:\MikTek\tex/generic/pgf/libraries\pgflibraryarrows.meta.code.tex
File: pgflibraryarrows.meta.code.tex 2023-01-15 v3.1.10 (3.1.10)
\pgfarrowinset=\dimen275
\pgfarrowlength=\dimen276
\pgfarrowwidth=\dimen277
\pgfarrowlinewidth=\dimen278
))) (D:\MikTek\tex/latex/tikz-3dplot\tikz-3dplot.sty (D:\MikTek\tex/latex/base\ifthen.sty
Package: ifthen 2024/03/16 v1.1e Standard LaTeX ifthen package (DPC)
) (D:\MikTek\tex/generic/pgf/frontendlayer/tikz/libraries\tikzlibrarycalc.code.tex
File: tikzlibrarycalc.code.tex 2023-01-15 v3.1.10 (3.1.10)
) (D:\MikTek\tex/generic/pgf/frontendlayer/tikz/libraries\tikzlibrary3d.code.tex
File: tikzlibrary3d.code.tex 2023-01-15 v3.1.10 (3.1.10)
) (D:\MikTek\tex/generic/pgf/frontendlayer/tikz/libraries\tikzlibraryarrows.code.tex
File: tikzlibraryarrows.code.tex 2023-01-15 v3.1.10 (3.1.10)
 (D:\MikTek\tex/generic/pgf/libraries\pgflibraryarrows.code.tex
File: pgflibraryarrows.code.tex 2023-01-15 v3.1.10 (3.1.10)
\arrowsize=\dimen279
))) (D:\MikTek\tex/latex/circuitikz\circuitikz.sty
Package: circuitikz 2025/05/25{} The CircuiTikz circuit drawing package version 1.8.0
 (D:\MikTek\tex/generic/pgf/frontendlayer/tikz/libraries\tikzlibrarybending.code.tex
File: tikzlibrarybending.code.tex 2023-01-15 v3.1.10 (3.1.10)
 (D:\MikTek\tex/generic/pgf/modules\pgfmodulebending.code.tex
File: pgfmodulebending.code.tex 2023-01-15 v3.1.10 (3.1.10)
 (D:\MikTek\tex/generic/pgf/modules\pgfmodulenonlineartransformations.code.tex
File: pgfmodulenonlineartransformations.code.tex 2023-01-15 v3.1.10 (3.1.10)
\pgftransformnonlinearflatness=\dimen280
) (D:\MikTek\tex/generic/pgf/libraries\pgflibrarycurvilinear.code.tex
File: pgflibrarycurvilinear.code.tex 2023-01-15 v3.1.10 (3.1.10)
\pgf@curvilinear@time@a=\dimen281
\pgf@curvilinear@length@a=\dimen282
\pgf@curvilinear@length@b=\dimen283
\pgf@curvilinear@length@c=\dimen284
\pgf@curvilinear@length@d=\dimen285
)
\pgf@arrows@the@rigidity=\dimen286
)) (D:\MikTek\tex/generic/pgf/frontendlayer/tikz/libraries\tikzlibraryfpu.code.tex (D:\MikTek\tex/generic/pgf/libraries\pgflibraryfpu.code.tex)) (D:\MikTek\tex/generic/circuitikz\pgfcirc.defines.tex
\pgf@circ@count@a=\count328
\pgf@circ@count@b=\count329
\pgf@circ@count@c=\count330
\pgf@circ@res@up=\dimen287
\pgf@circ@res@down=\dimen288
\pgf@circ@res@zero=\dimen289
\pgf@circ@res@left=\dimen290
\pgf@circ@res@right=\dimen291
\pgf@circ@res@other=\dimen292
\pgf@circ@res@step=\dimen293
\pgf@circ@res@temp=\dimen294
\pgf@circ@Rlen=\dimen295
\pgf@circ@scaled@Rlen=\dimen296
\pgfstartlinewidth=\dimen297
) (D:\MikTek\tex/generic/circuitikz\pgfcircutils.tex
\ctikz@scratchbox=\box67
) (D:\MikTek\tex/generic/circuitikz\pgfcircpath.tex) (D:\MikTek\tex/generic/circuitikz\pgfcircshapes.tex) (D:\MikTek\tex/generic/circuitikz\pgfcircmonopoles.tex) (D:\MikTek\tex/generic/circuitikz\pgfcircbipoles.tex) (D:\MikTek\tex/generic/circuitikz\pgfcirctripoles.tex
\pgf@circ@res@count=\count331
) (D:\MikTek\tex/generic/circuitikz\pgfcircquadpoles.tex) (D:\MikTek\tex/generic/circuitikz\pgfcircmultipoles.tex) (D:\MikTek\tex/generic/circuitikz\pgfcirclabel.tex) (D:\MikTek\tex/generic/circuitikz\pgfcircvoltage.tex
\pgfcirc@labelshift=\dimen298
) (D:\MikTek\tex/generic/circuitikz\pgfcirccurrent.tex) (D:\MikTek\tex/generic/circuitikz\pgfcircflow.tex)) (D:\MikTek\tex/latex/bbm\bbm.sty
Package: bbm 1999/03/15 V 1.2 provides fonts for set symbols - TH
LaTeX Font Info:    Overwriting math alphabet `\mathbbm' in version `bold'
(Font)                  U/bbm/m/n --> U/bbm/bx/n on input line 33.
LaTeX Font Info:    Overwriting math alphabet `\mathbbmss' in version `bold'
(Font)                  U/bbmss/m/n --> U/bbmss/bx/n on input line 35.
) (D:\MikTek\tex/latex/tools\bm.sty
Package: bm 2023/12/19 v1.2f Bold Symbol Support (DPC/FMi)
\symboldoperators=\mathgroup6
\symboldletters=\mathgroup7
\symboldsymbols=\mathgroup8
Package bm Info: No bold for \OMX/cmex/m/n, using \pmb.
Package bm Info: No bold for \U/msa/m/n, using \pmb.
Package bm Info: No bold for \U/msb/m/n, using \pmb.
LaTeX Font Info:    Redeclaring math alphabet \mathbf on input line 149.
) (D:\MikTek\tex/latex/enumitem\enumitem.sty
Package: enumitem 2025/02/06 v3.11 Customized lists
\labelindent=\skip74
\enit@outerparindent=\dimen299
\enit@toks=\toks43
\enit@inbox=\box68
\enit@count@id=\count332
\enitdp@description=\count333
) (D:\MikTek\tex/latex/parskip\parskip.sty
Package: parskip 2021-03-14 v2.0h non-zero parskip adjustments
) (D:\MikTek\tex/latex/caption\caption.sty
Package: caption 2023/08/05 v3.6o Customizing captions (AR)
 (D:\MikTek\tex/latex/caption\caption3.sty
Package: caption3 2023/07/31 v2.4d caption3 kernel (AR)
\caption@tempdima=\dimen300
\captionmargin=\dimen301
\caption@leftmargin=\dimen302
\caption@rightmargin=\dimen303
\caption@width=\dimen304
\caption@indent=\dimen305
\caption@parindent=\dimen306
\caption@hangindent=\dimen307
Package caption Info: Unknown document class (or package),
(caption)             standard defaults will be used.
Package caption Info: \@makecaption = \long macro:#1#2->\vskip \abovecaptionskip \sbox \@tempboxa {\fontsize {8}{10}\selectfont {\bfseries #1.} #2}\ifdim \wd \@tempboxa >\hsize \raggedright \fontsize {8}{10}\selectfont {\bfseries #1.} #2\par \else \global \@minipagefalse \hb@xt@ \hsize {\hfil \box \@tempboxa \hfil }\fi \vskip \belowcaptionskip  on input line 1175.
)

Package caption Warning: Unknown document class (or package),
(caption)                standard defaults will be used.
See the caption package documentation for explanation.

\c@caption@flags=\count334
\c@continuedfloat=\count335
Package caption Info: hyperref package is loaded.
) (D:\MikTek\tex/latex/mathtools\mathtools.sty
Package: mathtools 2024/10/04 v1.31 mathematical typesetting tools
 (D:\MikTek\tex/latex/tools\calc.sty
Package: calc 2025/03/01 v4.3b Infix arithmetic (KKT,FJ)
\calc@Acount=\count336
\calc@Bcount=\count337
\calc@Adimen=\dimen308
\calc@Bdimen=\dimen309
\calc@Askip=\skip75
\calc@Bskip=\skip76
LaTeX Info: Redefining \setlength on input line 86.
LaTeX Info: Redefining \addtolength on input line 87.
\calc@Ccount=\count338
\calc@Cskip=\skip77
) (D:\MikTek\tex/latex/mathtools\mhsetup.sty
Package: mhsetup 2021/03/18 v1.4 programming setup (MH)
)
\g_MT_multlinerow_int=\count339
\l_MT_multwidth_dim=\dimen310
\origjot=\skip78
\l_MT_shortvdotswithinadjustabove_dim=\dimen311
\l_MT_shortvdotswithinadjustbelow_dim=\dimen312
\l_MT_above_intertext_sep=\dimen313
\l_MT_below_intertext_sep=\dimen314
\l_MT_above_shortintertext_sep=\dimen315
\l_MT_below_shortintertext_sep=\dimen316
\xmathstrut@box=\box69
\xmathstrut@dim=\dimen317
) (D:\MikTek\tex/latex/parnotes\parnotes.sty
Package: parnotes 2024/06/12 rev. 3c Notes after every paragraph, or elsewhere
\c@parnotemark=\count340
) (D:\MikTek\tex/latex/tools\tabularx.sty
Package: tabularx 2023/12/11 v2.12a `tabularx' package (DPC)
 (D:\MikTek\tex/latex/tools\array.sty
Package: array 2025/05/19 v2.6i Tabular extension package (FMi)
\col@sep=\dimen318
\ar@mcellbox=\box70
\extrarowheight=\dimen319
\NC@list=\toks44
\extratabsurround=\skip79
\backup@length=\skip80
\ar@cellbox=\box71
)
\TX@col@width=\dimen320
\TX@old@table=\dimen321
\TX@old@col=\dimen322
\TX@target=\dimen323
\TX@delta=\dimen324
\TX@cols=\count341
\TX@ftn=\toks45
) (D:\MikTek\tex/latex/braket\braket.sty) (D:\MikTek\tex/latex/float\float.sty
Package: float 2001/11/08 v1.3d Float enhancements (AL)
\c@float@type=\count342
\float@exts=\toks46
\float@box=\box72
\@float@everytoks=\toks47
\@floatcapt=\box73
) (D:\MikTek\tex/latex/graphics\dvipsnam.def
File: dvipsnam.def 2016/06/17 v3.0m Driver-dependent file (DPC,SPQR)
) (D:\MikTek\tex/latex/xcolor\svgnam.def
File: svgnam.def 2024/09/29 v3.02 Predefined colors according to SVG 1.1 (UK)
) (D:\MikTek\tex/latex/xcolor\x11nam.def
File: x11nam.def 2024/09/29 v3.02 Predefined colors according to Unix/X11 (UK)
) (D:\MikTek\tex/latex/thmtools\thmtools.sty
Package: thmtools 2023/05/04 v0.76
\thmt@toks=\toks48
\c@thmt@dummyctr=\count343
 (D:\MikTek\tex/latex/thmtools\thm-patch.sty
Package: thm-patch 2023/05/04 v0.76
 (D:\MikTek\tex/latex/thmtools\parseargs.sty
Package: parseargs 2023/05/04 v0.76
\@parsespec=\toks49
)) (D:\MikTek\tex/latex/thmtools\thm-kv.sty
Package: thm-kv 2023/05/04 v0.76
Package thm-kv Info: Theorem names will be uppercased on input line 42.
Package thm-kv Info: kvsetkeys patch (v1.16 or later) on input line 158.
) (D:\MikTek\tex/latex/thmtools\thm-autoref.sty
Package: thm-autoref 2023/05/04 v0.76
 (D:\MikTek\tex/latex/thmtools\aliasctr.sty
Package: aliasctr 2023/05/04 v0.76
)) (D:\MikTek\tex/latex/thmtools\thm-listof.sty
Package: thm-listof 2023/05/04 v0.76
) (D:\MikTek\tex/latex/thmtools\thm-restate.sty
Package: thm-restate 2023/05/04 v0.76
) (D:\MikTek\tex/latex/thmtools\thm-amsthm.sty
Package: thm-amsthm 2023/05/04 v0.76
\thmt@style@headstyle=\toks50
)) (D:\MikTek\tex/latex/base\inputenc.sty
Package: inputenc 2024/02/08 v1.3d Input encoding file
\inpenc@prehook=\toks51
\inpenc@posthook=\toks52
) (D:\MikTek\tex/latex/units\nicefrac.sty
Package: nicefrac 1998/08/04 v0.9b Nice fractions
\L@UnitsRaiseDisplaystyle=\skip81
\L@UnitsRaiseTextstyle=\skip82
\L@UnitsRaiseScriptstyle=\skip83
) (D:\MikTek\tex/latex/microtype\microtype.sty
Package: microtype 2025/02/11 v3.2a Micro-typographical refinements (RS)
\MT@toks=\toks53
\MT@tempbox=\box74
\MT@count=\count344
LaTeX Info: Redefining \noprotrusionifhmode on input line 1087.
LaTeX Info: Redefining \leftprotrusion on input line 1088.
\MT@prot@toks=\toks54
LaTeX Info: Redefining \rightprotrusion on input line 1107.
LaTeX Info: Redefining \textls on input line 1449.
\MT@outer@kern=\dimen325
LaTeX Info: Redefining \microtypecontext on input line 2053.
LaTeX Info: Redefining \textmicrotypecontext on input line 2070.
\MT@listname@count=\count345
 (D:\MikTek\tex/latex/microtype\microtype-pdftex.def
File: microtype-pdftex.def 2025/02/11 v3.2a Definitions specific to pdftex (RS)
LaTeX Info: Redefining \lsstyle on input line 944.
LaTeX Info: Redefining \lslig on input line 944.
\MT@outer@space=\skip84
)
Package microtype Info: Loading configuration file microtype.cfg.
 (D:\MikTek\tex/latex/microtype\microtype.cfg
File: microtype.cfg 2025/02/11 v3.2a microtype main configuration file (RS)
)
LaTeX Info: Redefining \microtypesetup on input line 3065.
) (D:\MikTek\tex/latex/stmaryrd\stmaryrd.sty
Package: stmaryrd 1994/03/03 St Mary's Road symbol package
\symstmry=\mathgroup9
LaTeX Font Info:    Overwriting symbol font `stmry' in version `bold'
(Font)                  U/stmry/m/n --> U/stmry/b/n on input line 89.
) (D:\MikTek\tex/latex/nicematrix\nicematrix.sty
Package: nicematrix 2025/04/28 v7.1c Enhanced arrays with the help of PGF/TikZ
\l__nicematrix_tmpc_dim=\dimen326
\l__nicematrix_tmpd_dim=\dimen327
\l__nicematrix_tmpe_dim=\dimen328
\l__nicematrix_tmpf_dim=\dimen329
\l__nicematrix_tmpc_int=\count346
\g__nicematrix_env_int=\count347
\g__nicematrix_NiceMatrixBlock_int=\count348
\g__nicematrix_notes_caption_int=\count349
\l__nicematrix_columns_width_dim=\dimen330
\l__nicematrix_col_width_dim=\dimen331
\g__nicematrix_row_total_int=\count350
\g__nicematrix_col_total_int=\count351
\g__nicematrix_last_row_node_int=\count352
\l__nicematrix_key_nb_rows_int=\count353
\g__nicematrix_blocks_wd_dim=\dimen332
\g__nicematrix_blocks_ht_dim=\dimen333
\g__nicematrix_blocks_dp_dim=\dimen334
\l__nicematrix_width_dim=\dimen335
\l__nicematrix_tabular_width_dim=\dimen336
\l__nicematrix_rule_width_dim=\dimen337
\l__nicematrix_old_iRow_int=\count354
\l__nicematrix_old_jCol_int=\count355
\l__nicematrix_X_columns_dim=\dimen338
\l__nicematrix_x_initial_dim=\dimen339
\l__nicematrix_y_initial_dim=\dimen340
\l__nicematrix_x_final_dim=\dimen341
\l__nicematrix_y_final_dim=\dimen342
\g__nicematrix_dp_row_zero_dim=\dimen343
\g__nicematrix_ht_row_zero_dim=\dimen344
\g__nicematrix_ht_row_one_dim=\dimen345
\g__nicematrix_dp_ante_last_row_dim=\dimen346
\g__nicematrix_ht_last_row_dim=\dimen347
\g__nicematrix_dp_last_row_dim=\dimen348
\g__nicematrix_width_last_col_dim=\dimen349
\g__nicematrix_width_first_col_dim=\dimen350
\g__nicematrix_ddots_int=\count356
\g__nicematrix_iddots_int=\count357
\g__nicematrix_delta_x_one_dim=\dimen351
\g__nicematrix_delta_y_one_dim=\dimen352
\g__nicematrix_delta_x_two_dim=\dimen353
\g__nicematrix_delta_y_two_dim=\dimen354
\l__nicematrix_row_min_int=\count358
\l__nicematrix_row_max_int=\count359
\l__nicematrix_col_min_int=\count360
\l__nicematrix_col_max_int=\count361
\l__nicematrix_initial_i_int=\count362
\l__nicematrix_initial_j_int=\count363
\l__nicematrix_final_i_int=\count364
\l__nicematrix_final_j_int=\count365
\l__nicematrix_start_int=\count366
\l__nicematrix_end_int=\count367
\l__nicematrix_local_start_int=\count368
\l__nicematrix_local_end_int=\count369
\g__nicematrix_static_num_of_col_int=\count370
\l__nicematrix_rounded_corners_dim=\dimen355
\l__nicematrix_tab_rounded_corners_dim=\dimen356
\l__nicematrix_offset_dim=\dimen357
\l__nicematrix_line_width_dim=\dimen358
\g__nicematrix_block_box_int=\count371
\l__nicematrix_submatrix_extra_height_dim=\dimen359
\l__nicematrix_submatrix_left_xshift_dim=\dimen360
\l__nicematrix_submatrix_right_xshift_dim=\dimen361
\l__nicematrix_first_row_int=\count372
\l__nicematrix_first_col_int=\count373
\l__nicematrix_last_row_int=\count374
\l__nicematrix_last_col_int=\count375
\c@tabularnote=\count376
\g__nicematrix_tabularnote_int=\count377
\c@nicematrix_draft=\count378
\l__nicematrix_cell_space_top_limit_dim=\dimen362
\l__nicematrix_cell_space_bottom_limit_dim=\dimen363
\l__nicematrix_xdots_inter_dim=\dimen364
\l__nicematrix_xdots_shorten_start_dim=\dimen365
\l__nicematrix_xdots_shorten_end_dim=\dimen366
\l__nicematrix_xdots_radius_dim=\dimen367
\l__nicematrix_left_margin_dim=\dimen368
\l__nicematrix_right_margin_dim=\dimen369
\l__nicematrix_extra_left_margin_dim=\dimen370
\l__nicematrix_extra_right_margin_dim=\dimen371
\c__nicematrix_max_l_dim=\dimen372
\l__nicematrix_position_int=\count379
\l__nicematrix_multiplicity_int=\count380
\l__nicematrix_brace_yshift_dim=\dimen373
) (D:\MikTek\tex/latex/caption\subcaption.sty
Package: subcaption 2023/07/28 v1.6b Sub-captions (AR)
Package caption Info: New subtype `subfigure' on input line 238.
\c@subfigure=\count381
Package caption Info: New subtype `subtable' on input line 238.
\c@subtable=\count382
) (D:\MikTek\tex/latex/algorithm2e\algorithm2e.sty
Package: algorithm2e 2017/07/18 v5.2 algorithms environments
\c@AlgoLine=\count383
\algocf@hangindent=\skip85
 (D:\MikTek\tex/latex/ifoddpage\ifoddpage.sty
Package: ifoddpage 2022/10/18 v1.2 Conditionals for odd/even page detection
\c@checkoddpage=\count384
) (D:\MikTek\tex/latex/tools\xspace.sty
Package: xspace 2014/10/28 v1.13 Space after command names (DPC,MH)
) (D:\MikTek\tex/latex/relsize\relsize.sty
Package: relsize 2013/03/29 ver 4.1
)
\skiptotal=\skip86
\skiplinenumber=\skip87
\skiprule=\skip88
\skiphlne=\skip89
\skiptext=\skip90
\skiplength=\skip91
\algomargin=\skip92
\skipalgocfslide=\skip93
\algowidth=\dimen374
\inoutsize=\dimen375
\inoutindent=\dimen376
\interspacetitleruled=\dimen377
\interspacealgoruled=\dimen378
\interspacetitleboxruled=\dimen379
\algocf@ruledwidth=\skip94
\algocf@inoutbox=\box75
\algocf@inputbox=\box76
\AlCapSkip=\skip95
\AlCapHSkip=\skip96
\algoskipindent=\skip97
\algocf@nlbox=\box77
\algocf@hangingbox=\box78
\algocf@untilbox=\box79
\algocf@skipuntil=\skip98
\algocf@capbox=\box80
\algocf@lcaptionbox=\skip99
\algoheightruledefault=\skip100
\algoheightrule=\skip101
\algotitleheightruledefault=\skip102
\algotitleheightrule=\skip103
\c@algocfline=\count385
\c@algocfproc=\count386
\c@algocf=\count387
\algocf@algoframe=\box81
\algocf@algobox=\box82
) (D:\MikTek\tex/latex/algorithmicx\algorithmicx.sty
Package: algorithmicx 2005/04/27 v1.2 Algorithmicx

Document Style algorithmicx 1.2 - a greatly improved `algorithmic' style
\c@ALG@line=\count388
\c@ALG@rem=\count389
\c@ALG@nested=\count390
\ALG@tlm=\skip104
\ALG@thistlm=\skip105
\c@ALG@Lnr=\count391
\c@ALG@blocknr=\count392
\c@ALG@storecount=\count393
\c@ALG@tmpcounter=\count394
\ALG@tmplength=\skip106
) (D:\MikTek\tex/latex/booktabs\booktabs.sty
Package: booktabs 2020/01/12 v1.61803398 Publication quality tables
\heavyrulewidth=\dimen380
\lightrulewidth=\dimen381
\cmidrulewidth=\dimen382
\belowrulesep=\dimen383
\belowbottomsep=\dimen384
\aboverulesep=\dimen385
\abovetopsep=\dimen386
\cmidrulesep=\dimen387
\cmidrulekern=\dimen388
\defaultaddspace=\dimen389
\@cmidla=\count395
\@cmidlb=\count396
\@aboverulesep=\dimen390
\@belowrulesep=\dimen391
\@thisruleclass=\count397
\@lastruleclass=\count398
\@thisrulewidth=\dimen392
) (D:\MikTek\tex/latex/natbib\natbib.sty
Package: natbib 2010/09/13 8.31b (PWD, AO)
\bibhang=\skip107
\bibsep=\skip108
LaTeX Info: Redefining \cite on input line 694.
\c@NAT@ctr=\count399
) (D:\MikTek\tex/latex/pgfplots\pgfplots.sty (D:\MikTek\tex/generic/pgfplots\pgfplots.revision.tex)
Package: pgfplots 2021/05/15 v1.18.1 Data Visualization (1.18.1)
 (D:\MikTek\tex/generic/pgfplots\pgfplots.code.tex (D:\MikTek\tex/generic/pgfplots\pgfplotscore.code.tex
\t@pgfplots@toka=\toks55
\t@pgfplots@tokb=\toks56
\t@pgfplots@tokc=\toks57
\pgfplots@tmpa=\dimen393
\c@pgfplots@coordindex=\count400
\c@pgfplots@scanlineindex=\count401
 (D:\MikTek\tex/generic/pgfplots/sys\pgfplotssysgeneric.code.tex)) (D:\MikTek\tex/generic/pgfplots/libs\pgfplotslibrary.code.tex) (D:\MikTek\tex/generic/pgfplots/oldpgfcompatib\pgfplotsoldpgfsupp_loader.code.tex
Package pgfplots: loading complementary utilities for your pgf version...
\t@pgf@toka=\toks58
\t@pgf@tokb=\toks59
\t@pgf@tokc=\toks60
(D:\MikTek\tex/generic/pgfplots/oldpgfcompatib\pgfplotsoldpgfsupp_pgfutil-common-lists.tex)) (D:\MikTek\tex/generic/pgfplots/util\pgfplotsutil.code.tex (D:\MikTek\tex/generic/pgfplots/liststructure\pgfplotsliststructure.code.tex) (D:\MikTek\tex/generic/pgfplots/liststructure\pgfplotsliststructureext.code.tex) (D:\MikTek\tex/generic/pgfplots/liststructure\pgfplotsarray.code.tex
\c@pgfplotsarray@tmp=\count402
) (D:\MikTek\tex/generic/pgfplots/liststructure\pgfplotsmatrix.code.tex) (D:\MikTek\tex/generic/pgfplots/numtable\pgfplotstableshared.code.tex
\c@pgfplotstable@counta=\count403
\t@pgfplotstable@a=\toks61
) (D:\MikTek\tex/generic/pgfplots/liststructure\pgfplotsdeque.code.tex) (D:\MikTek\tex/generic/pgfplots/util\pgfplotsbinary.code.tex (D:\MikTek\tex/generic/pgfplots/util\pgfplotsbinary.data.code.tex)) (D:\MikTek\tex/generic/pgfplots/util\pgfplotsutil.verb.code.tex) (D:\MikTek\tex/generic/pgfplots/libs\pgflibrarypgfplots.surfshading.code.tex
\c@pgfplotslibrarysurf@no=\count404
 (D:\MikTek\tex/generic/pgfplots/sys\pgflibrarypgfplots.surfshading.pgfsys-pdftex.def))) (D:\MikTek\tex/generic/pgfplots/util\pgfplotscolormap.code.tex (D:\MikTek\tex/generic/pgfplots/util\pgfplotscolor.code.tex)) (D:\MikTek\tex/generic/pgfplots\pgfplotsstackedplots.code.tex) (D:\MikTek\tex/generic/pgfplots\pgfplotsplothandlers.code.tex (D:\MikTek\tex/generic/pgfplots\pgfplotsmeshplothandler.code.tex (D:\MikTek\tex/generic/pgfplots\pgfplotsmeshplotimage.code.tex))) (D:\MikTek\tex/generic/pgfplots\pgfplots.scaling.code.tex) (D:\MikTek\tex/generic/pgfplots\pgfplotscoordprocessing.code.tex) (D:\MikTek\tex/generic/pgfplots\pgfplots.errorbars.code.tex) (D:\MikTek\tex/generic/pgfplots\pgfplots.markers.code.tex) (D:\MikTek\tex/generic/pgfplots\pgfplotsticks.code.tex) (D:\MikTek\tex/generic/pgfplots\pgfplots.paths.code.tex) (D:\MikTek\tex/generic/pgf/frontendlayer/tikz/libraries\tikzlibrarydecorations.code.tex (D:\MikTek\tex/generic/pgf/modules\pgfmoduledecorations.code.tex
\pgfdecoratedcompleteddistance=\dimen394
\pgfdecoratedremainingdistance=\dimen395
\pgfdecoratedinputsegmentcompleteddistance=\dimen396
\pgfdecoratedinputsegmentremainingdistance=\dimen397
\pgf@decorate@distancetomove=\dimen398
\pgf@decorate@repeatstate=\count405
\pgfdecorationsegmentamplitude=\dimen399
\pgfdecorationsegmentlength=\dimen400
)
\tikz@lib@dec@box=\box83
) (D:\MikTek\tex/generic/pgf/frontendlayer/tikz/libraries\tikzlibrarydecorations.pathmorphing.code.tex (D:\MikTek\tex/generic/pgf/libraries/decorations\pgflibrarydecorations.pathmorphing.code.tex)) (D:\MikTek\tex/generic/pgf/frontendlayer/tikz/libraries\tikzlibrarydecorations.pathreplacing.code.tex (D:\MikTek\tex/generic/pgf/libraries/decorations\pgflibrarydecorations.pathreplacing.code.tex)) (D:\MikTek\tex/generic/pgfplots/libs\tikzlibrarypgfplots.contourlua.code.tex)
\pgfplots@numplots=\count406
\pgfplots@xmin@reg=\dimen401
\pgfplots@xmax@reg=\dimen402
\pgfplots@ymin@reg=\dimen403
\pgfplots@ymax@reg=\dimen404
\pgfplots@zmin@reg=\dimen405
\pgfplots@zmax@reg=\dimen406
) (D:\MikTek\tex/generic/pgf/frontendlayer/tikz/libraries\tikzlibraryplotmarks.code.tex
File: tikzlibraryplotmarks.code.tex 2023-01-15 v3.1.10 (3.1.10)
 (D:\MikTek\tex/generic/pgf/libraries\pgflibraryplotmarks.code.tex
File: pgflibraryplotmarks.code.tex 2023-01-15 v3.1.10 (3.1.10)
))) (D:\MikTek\tex/generic/pgf/frontendlayer/tikz/libraries\tikzlibrarypatterns.code.tex
File: tikzlibrarypatterns.code.tex 2023-01-15 v3.1.10 (3.1.10)
 (D:\MikTek\tex/generic/pgf/libraries\pgflibrarypatterns.code.tex
File: pgflibrarypatterns.code.tex 2023-01-15 v3.1.10 (3.1.10)
)) (D:\MikTek\tex/generic/pgf/frontendlayer/tikz/libraries\tikzlibraryshadings.code.tex
File: tikzlibraryshadings.code.tex 2023-01-15 v3.1.10 (3.1.10)
 (D:\MikTek\tex/generic/pgf/libraries\pgflibraryshadings.code.tex
File: pgflibraryshadings.code.tex 2023-01-15 v3.1.10 (3.1.10)
)) (D:\MikTek\tex/generic/pgf/frontendlayer/tikz/libraries\tikzlibraryshapes.geometric.code.tex
File: tikzlibraryshapes.geometric.code.tex 2023-01-15 v3.1.10 (3.1.10)
 (D:\MikTek\tex/generic/pgf/libraries/shapes\pgflibraryshapes.geometric.code.tex
File: pgflibraryshapes.geometric.code.tex 2023-01-15 v3.1.10 (3.1.10)
)) (D:\MikTek\tex/generic/pgf/frontendlayer/tikz/libraries\tikzlibrarypositioning.code.tex
File: tikzlibrarypositioning.code.tex 2023-01-15 v3.1.10 (3.1.10)
) (D:\MikTek\tex/generic/pgf/frontendlayer/tikz/libraries\tikzlibraryfit.code.tex
File: tikzlibraryfit.code.tex 2023-01-15 v3.1.10 (3.1.10)
)
Package hyperref Info: Option `colorlinks' set `true' on input line 122.
\c@theorem=\count407
\c@col=\count408
\c@setting=\count409
\c@assume=\count410
\c@hypothesis=\count411
\c@question=\count412
\c@note=\count413
 (D:\MikTek\tex/latex/threeparttable\threeparttable.sty
Package: threeparttable 2003/06/13  v 3.0
\@tempboxb=\box84
) (D:\MikTek\tex/latex/ragged2e\ragged2e.sty
Package: ragged2e 2023/06/22 v3.6 ragged2e Package
\CenteringLeftskip=\skip109
\RaggedLeftLeftskip=\skip110
\RaggedRightLeftskip=\skip111
\CenteringRightskip=\skip112
\RaggedLeftRightskip=\skip113
\RaggedRightRightskip=\skip114
\CenteringParfillskip=\skip115
\RaggedLeftParfillskip=\skip116
\RaggedRightParfillskip=\skip117
\JustifyingParfillskip=\skip118
\CenteringParindent=\skip119
\RaggedLeftParindent=\skip120
\RaggedRightParindent=\skip121
\JustifyingParindent=\skip122
) (D:\MikTek\tex/latex/tools\longtable.sty
Package: longtable 2024-12-18 v4.23 Multi-page Table package (DPC)
\LTleft=\skip123
\LTright=\skip124
\LTpre=\skip125
\LTpost=\skip126
\LTchunksize=\count414
\LTcapwidth=\dimen407
\LT@head=\box85
\LT@firsthead=\box86
\LT@foot=\box87
\LT@lastfoot=\box88
\LT@gbox=\box89
\LT@cols=\count415
\LT@rows=\count416
\c@LT@tables=\count417
\c@LT@chunks=\count418
\LT@p@ftn=\toks62
)

Package array Warning: Column P is already defined on input line 173.

) (mathcommand.tex
LaTeX Font Info:    Overwriting math alphabet `\mathsfit' in version `bold'
(Font)                  OT1/cmss/m/sl --> OT1/cmss/bx/n on input line 314.
) (D:\MikTek\tex/latex/l3backend\l3backend-pdftex.def
File: l3backend-pdftex.def 2025-04-14 L3 backend support: PDF output (pdfTeX)
\l__color_backend_stack_int=\count419
) (proposal1.aux)
\openout1 = `proposal1.aux'.

LaTeX Font Info:    Checking defaults for OML/cmm/m/it on input line 19.
LaTeX Font Info:    ... okay on input line 19.
LaTeX Font Info:    Checking defaults for OMS/cmsy/m/n on input line 19.
LaTeX Font Info:    ... okay on input line 19.
LaTeX Font Info:    Checking defaults for OT1/cmr/m/n on input line 19.
LaTeX Font Info:    ... okay on input line 19.
LaTeX Font Info:    Checking defaults for T1/cmr/m/n on input line 19.
LaTeX Font Info:    ... okay on input line 19.
LaTeX Font Info:    Checking defaults for TS1/cmr/m/n on input line 19.
LaTeX Font Info:    ... okay on input line 19.
LaTeX Font Info:    Checking defaults for OMX/cmex/m/n on input line 19.
LaTeX Font Info:    ... okay on input line 19.
LaTeX Font Info:    Checking defaults for U/cmr/m/n on input line 19.
LaTeX Font Info:    ... okay on input line 19.
LaTeX Font Info:    Checking defaults for PD1/pdf/m/n on input line 19.
LaTeX Font Info:    ... okay on input line 19.
LaTeX Font Info:    Checking defaults for PU/pdf/m/n on input line 19.
LaTeX Font Info:    ... okay on input line 19.
 (D:\MikTek\tex/context/base/mkii\supp-pdf.mkii
[Loading MPS to PDF converter (version 2006.09.02).]
\scratchcounter=\count420
\scratchdimen=\dimen408
\scratchbox=\box90
\nofMPsegments=\count421
\nofMParguments=\count422
\everyMPshowfont=\toks63
\MPscratchCnt=\count423
\MPscratchDim=\dimen409
\MPnumerator=\count424
\makeMPintoPDFobject=\count425
\everyMPtoPDFconversion=\toks64
) (D:\MikTek\tex/latex/epstopdf-pkg\epstopdf-base.sty
Package: epstopdf-base 2020-01-24 v2.11 Base part for package epstopdf
Package epstopdf-base Info: Redefining graphics rule for `.eps' on input line 485.
 (D:\MikTek\tex/latex/00miktex\epstopdf-sys.cfg
File: epstopdf-sys.cfg 2021/03/18 v2.0 Configuration of epstopdf for MiKTeX
))
Package hyperref Info: Link coloring ON on input line 19.
 (proposal1.out) (proposal1.out)
\@outlinefile=\write4
\openout4 = `proposal1.out'.


Couldn't patch \deferred@thm@head!
Package caption Info: Begin \AtBeginDocument code.
Package caption Info: float package is loaded.
Package caption Info: longtable package is loaded.
(D:\MikTek\tex/latex/caption\ltcaption.sty
Package: ltcaption 2021/01/08 v1.4c longtable captions (AR)
)
Package caption Info: threeparttable package is loaded.
Package caption Info: End \AtBeginDocument code.
LaTeX Info: Redefining \microtypecontext on input line 19.
Package microtype Info: Applying patch `item' on input line 19.
Package microtype Info: Applying patch `toc' on input line 19.
Package microtype Info: Applying patch `eqnum' on input line 19.
Package microtype Info: Applying patch `footnote' on input line 19.
Package microtype Info: Applying patch `verbatim' on input line 19.
LaTeX Info: Redefining \microtypesetup on input line 19.
Package microtype Info: Generating PDF output.
Package microtype Info: Character protrusion enabled (level 2).
Package microtype Info: Using default protrusion set `alltext'.
Package microtype Info: Automatic font expansion enabled (level 2),
(microtype)             stretch: 20, shrink: 20, step: 1, non-selected.
Package microtype Info: Using default expansion set `alltext-nott'.


LaTeX Warning: Command \showhyphens   has changed.
               Check if current package is valid.

LaTeX Info: Redefining \showhyphens on input line 19.
Package microtype Info: No adjustment of tracking.
Package microtype Info: No adjustment of interword spacing.
Package microtype Info: No adjustment of character kerning.
(D:\MikTek\tex/latex/microtype\mt-cmr.cfg
File: mt-cmr.cfg 2013/05/19 v2.2 microtype config. file: Computer Modern Roman (RS)
)
\c__nicematrix_shift_Ldots_last_row_dim=\dimen410
\c__nicematrix_shift_exterior_Vdots_dim=\dimen411
\c__nicematrix_innersep_middle_dim=\dimen412
\c@tabularnotesi=\count426
\enitdp@tabularnotes=\count427
\c@tabularnotes*i=\count428
\enitdp@tabularnotes*=\count429


Package pgfplots Warning: running in backwards compatibility mode (unsuitable tick labels; missing features). Consider writing \pgfplotsset{compat=1.18} into your preamble.
 on input line 19.

Package microtype Info: Loading generic protrusion settings for font family
(microtype)             `cmss' (encoding: OT1).
(microtype)             For optimal results, create family-specific settings.
(microtype)             See the microtype manual for details.

Underfull \hbox (badness 10000) in paragraph at lines 21--21

 []


LaTeX Font Warning: Font shape `OT1/cmr/m/n' in size <18> not available
(Font)              size <17.28> substituted on input line 23.


LaTeX Font Warning: Font shape `OT1/cmss/m/n' in size <18> not available
(Font)              size <17.28> substituted on input line 23.

LaTeX Font Info:    Trying to load font information for U+msa on input line 25.
(D:\MikTek\tex/latex/amsfonts\umsa.fd
File: umsa.fd 2013/01/14 v3.01 AMS symbols A
) (D:\MikTek\tex/latex/microtype\mt-msa.cfg
File: mt-msa.cfg 2006/02/04 v1.1 microtype config. file: AMS symbols (a) (RS)
)
LaTeX Font Info:    Trying to load font information for U+msb on input line 25.
 (D:\MikTek\tex/latex/amsfonts\umsb.fd
File: umsb.fd 2013/01/14 v3.01 AMS symbols B
) (D:\MikTek\tex/latex/microtype\mt-msb.cfg
File: mt-msb.cfg 2005/06/01 v1.0 microtype config. file: AMS symbols (b) (RS)
)
LaTeX Font Info:    Trying to load font information for U+stmry on input line 25.
 (D:\MikTek\tex/latex/stmaryrd\ustmry.fd)
<orcid.pdf, id=27, 24.96628pt x 25.18509pt>
File: orcid.pdf Graphic file (type pdf)
<use orcid.pdf>
Package pdftex.def Info: orcid.pdf  used on input line 25.
(pdftex.def)             Requested size: 8.0pt x 8.07014pt.
File: orcid.pdf Graphic file (type pdf)
<use orcid.pdf>
Package pdftex.def Info: orcid.pdf  used on input line 25.
(pdftex.def)             Requested size: 8.0pt x 8.07014pt.
File: orcid.pdf Graphic file (type pdf)
<use orcid.pdf>
Package pdftex.def Info: orcid.pdf  used on input line 25.
(pdftex.def)             Requested size: 8.0pt x 8.07014pt.


[1{C:/Users/Admin/AppData/Local/MiKTeX/fonts/map/pdftex/pdftex.map}

 <./orcid.pdf>]

[2]

[3]
Overfull \hbox (13.95677pt too wide) in paragraph at lines 254--255
[]|\OT1/cmr/m/n/8 (-20) Import/shipping/customs 
 []



[4

{D:/MikTek/fonts/enc/dvips/cm-super/cm-super-ts1.enc}]

[5] (proposal1.bbl
Package microtype Info: Loading generic protrusion settings for font family
(microtype)             `cmtt' (encoding: OT1).
(microtype)             For optimal results, create family-specific settings.
(microtype)             See the microtype manual for details.


[6

]

[7])

[8] (proposal1.aux)
 ***********
LaTeX2e <2025-06-01>
L3 programming layer <2025-05-26>
 ***********


LaTeX Font Warning: Size substitutions with differences
(Font)              up to 0.72pt have occurred.

Package rerunfilecheck Info: File `proposal1.out' has not changed.
(rerunfilecheck)             Checksum: 715517014D4697C83837C330C0E2959D;904.
 ) 
Here is how much of TeX's memory you used:
 62033 strings out of 468187
 1534068 string characters out of 5448667
 2385113 words of memory out of 5000000
 89568 multiletter control sequences out of 15000+600000
 646795 words of font info for 178 fonts, out of 8000000 for 9000
 1141 hyphenation exceptions out of 8191
 103i,13n,104p,1869b,648s stack positions out of 10000i,1000n,20000p,200000b,200000s
<D:/MikTek/fonts/type1/public/amsfonts/cm/cmbx10.pfb><D:/MikTek/fonts/type1/public/amsfonts/cm/cmbx8.pfb><D:/MikTek/fonts/type1/public/amsfonts/cm/cmmi10.pfb><D:/MikTek/fonts/type1/public/amsfonts/cm/cmr10.pfb><D:/MikTek/fonts/type1/public/amsfonts/cm/cmr6.pfb><D:/MikTek/fonts/type1/public/amsfonts/cm/cmr7.pfb><D:/MikTek/fonts/type1/public/amsfonts/cm/cmr8.pfb><D:/MikTek/fonts/type1/public/amsfonts/cm/cmr9.pfb><D:/MikTek/fonts/type1/public/amsfonts/cm/cmss12.pfb><D:/MikTek/fonts/type1/public/amsfonts/cm/cmss17.pfb><D:/MikTek/fonts/type1/public/amsfonts/cm/cmss8.pfb><D:/MikTek/fonts/type1/public/amsfonts/cm/cmss9.pfb><D:/MikTek/fonts/type1/public/amsfonts/cm/cmssbx10.pfb><D:/MikTek/fonts/type1/public/amsfonts/cm/cmsy8.pfb><D:/MikTek/fonts/type1/public/amsfonts/cm/cmti10.pfb><D:/MikTek/fonts/type1/public/amsfonts/cm/cmti8.pfb><D:/MikTek/fonts/type1/public/amsfonts/cm/cmtt10.pfb><D:/MikTek/fonts/type1/public/cm-super/sfrm0800.pfb>
Output written on proposal1.pdf (8 pages, 300417 bytes).
PDF statistics:
 298 PDF objects out of 1000 (max. 8388607)
 55 named destinations out of 1000 (max. 500000)
 49722 words of extra memory for PDF output out of 51595 (max. 10000000)

